This file contains any messages produced by compilers while
running configure, to aid debugging if configure makes a mistake.

It was created by configure, which was
generated by GNU Autoconf 2.69.  Invocation command line was

  $ ./configure CFLAGS=-g -ggdb -fsanitize=address --no-create --no-recursion

## --------- ##
## Platform. ##
## --------- ##

hostname = simarka.cs.unc.edu
uname -m = x86_64
uname -r = 4.15.0-194-generic
uname -s = Linux
uname -v = #205-Ubuntu SMP Fri Sep 16 19:49:27 UTC 2022

/usr/bin/uname -p = unknown
/bin/uname -X     = unknown

/bin/arch              = unknown
/usr/bin/arch -k       = unknown
/usr/convex/getsysinfo = unknown
/usr/bin/hostinfo      = unknown
/bin/machine           = unknown
/usr/bin/oslevel       = unknown
/bin/universe          = unknown

PATH: /afs/cs.unc.edu/home/kedjames/.vscode-server/bin/8fa188b2b301d36553cbc9ce1b0a146ccb93351f/bin/remote-cli
PATH: /home/kedjames/.cargo/bin
PATH: /usr/local/sbin
PATH: /usr/local/bin
PATH: /usr/sbin
PATH: /usr/bin
PATH: /sbin
PATH: /bin
PATH: /usr/games
PATH: /usr/local/games
PATH: /snap/bin
PATH: /home/kedjames/.local/bin/


## ----------- ##
## Core tests. ##
## ----------- ##

configure:2446: checking build system type
configure:2460: result: x86_64-unknown-linux-gnu
configure:2480: checking host system type
configure:2493: result: x86_64-unknown-linux-gnu
configure:2573: checking for a BSD-compatible install
configure:2641: result: /usr/local/bin/install -c
configure:2652: checking whether build environment is sane
configure:2702: result: yes
configure:2843: checking for a thread-safe mkdir -p
configure:2882: result: /usr/local/bin/mkdir -p
configure:2895: checking for gawk
configure:2911: found /usr/bin/gawk
configure:2922: result: gawk
configure:2933: checking whether make sets $(MAKE)
configure:2955: result: yes
configure:3100: checking for gcc
configure:3116: found /usr/bin/gcc
configure:3127: result: gcc
configure:3356: checking for C compiler version
configure:3365: gcc --version >&5
gcc (Ubuntu 7.5.0-3ubuntu1~18.04) 7.5.0
Copyright (C) 2017 Free Software Foundation, Inc.
This is free software; see the source for copying conditions.  There is NO
warranty; not even for MERCHANTABILITY or FITNESS FOR A PARTICULAR PURPOSE.

configure:3376: $? = 0
configure:3365: gcc -v >&5
Using built-in specs.
COLLECT_GCC=gcc
COLLECT_LTO_WRAPPER=/usr/lib/gcc/x86_64-linux-gnu/7/lto-wrapper
OFFLOAD_TARGET_NAMES=nvptx-none
OFFLOAD_TARGET_DEFAULT=1
Target: x86_64-linux-gnu
Configured with: ../src/configure -v --with-pkgversion='Ubuntu 7.5.0-3ubuntu1~18.04' --with-bugurl=file:///usr/share/doc/gcc-7/README.Bugs --enable-languages=c,ada,c++,go,brig,d,fortran,objc,obj-c++ --prefix=/usr --with-gcc-major-version-only --program-suffix=-7 --program-prefix=x86_64-linux-gnu- --enable-shared --enable-linker-build-id --libexecdir=/usr/lib --without-included-gettext --enable-threads=posix --libdir=/usr/lib --enable-nls --enable-bootstrap --enable-clocale=gnu --enable-libstdcxx-debug --enable-libstdcxx-time=yes --with-default-libstdcxx-abi=new --enable-gnu-unique-object --disable-vtable-verify --enable-libmpx --enable-plugin --enable-default-pie --with-system-zlib --with-target-system-zlib --enable-objc-gc=auto --enable-multiarch --disable-werror --with-arch-32=i686 --with-abi=m64 --with-multilib-list=m32,m64,mx32 --enable-multilib --with-tune=generic --enable-offload-targets=nvptx-none --without-cuda-driver --enable-checking=release --build=x86_64-linux-gnu --host=x86_64-linux-gnu --target=x86_64-linux-gnu
Thread model: posix
gcc version 7.5.0 (Ubuntu 7.5.0-3ubuntu1~18.04) 
configure:3376: $? = 0
configure:3365: gcc -V >&5
gcc: error: unrecognized command line option '-V'
gcc: fatal error: no input files
compilation terminated.
configure:3376: $? = 1
configure:3365: gcc -qversion >&5
gcc: error: unrecognized command line option '-qversion'; did you mean '--version'?
gcc: fatal error: no input files
compilation terminated.
configure:3376: $? = 1
configure:3396: checking whether the C compiler works
configure:3418: gcc -g -ggdb -fsanitize=address   conftest.c  >&5
configure:3422: $? = 0
configure:3470: result: yes
configure:3473: checking for C compiler default output file name
configure:3475: result: a.out
configure:3481: checking for suffix of executables
configure:3488: gcc -o conftest -g -ggdb -fsanitize=address   conftest.c  >&5
configure:3492: $? = 0
configure:3514: result: 
configure:3536: checking whether we are cross compiling
configure:3544: gcc -o conftest -g -ggdb -fsanitize=address   conftest.c  >&5
configure:3548: $? = 0
configure:3555: ./conftest
configure:3559: $? = 0
configure:3574: result: no
configure:3579: checking for suffix of object files
configure:3601: gcc -c -g -ggdb -fsanitize=address  conftest.c >&5
configure:3605: $? = 0
configure:3626: result: o
configure:3630: checking whether we are using the GNU C compiler
configure:3649: gcc -c -g -ggdb -fsanitize=address  conftest.c >&5
configure:3649: $? = 0
configure:3658: result: yes
configure:3667: checking whether gcc accepts -g
configure:3687: gcc -c -g  conftest.c >&5
configure:3687: $? = 0
configure:3728: result: yes
configure:3745: checking for gcc option to accept ISO C89
configure:3808: gcc  -c -g -ggdb -fsanitize=address  conftest.c >&5
configure:3808: $? = 0
configure:3821: result: none needed
configure:3852: checking for style of include used by make
configure:3880: result: GNU
configure:3905: checking dependency style of gcc
configure:4015: result: gcc3
configure:4037: checking how to run the C preprocessor
configure:4068: gcc -E  conftest.c
configure:4068: $? = 0
configure:4082: gcc -E  conftest.c
conftest.c:11:10: fatal error: ac_nonexistent.h: No such file or directory
 #include <ac_nonexistent.h>
          ^~~~~~~~~~~~~~~~~~
compilation terminated.
configure:4082: $? = 1
configure: failed program was:
| /* confdefs.h */
| #define PACKAGE_NAME ""
| #define PACKAGE_TARNAME ""
| #define PACKAGE_VERSION ""
| #define PACKAGE_STRING ""
| #define PACKAGE_BUGREPORT ""
| #define PACKAGE_URL ""
| #define PACKAGE "libxml2"
| #define VERSION "2.8.0"
| /* end confdefs.h.  */
| #include <ac_nonexistent.h>
configure:4107: result: gcc -E
configure:4127: gcc -E  conftest.c
configure:4127: $? = 0
configure:4141: gcc -E  conftest.c
conftest.c:11:10: fatal error: ac_nonexistent.h: No such file or directory
 #include <ac_nonexistent.h>
          ^~~~~~~~~~~~~~~~~~
compilation terminated.
configure:4141: $? = 1
configure: failed program was:
| /* confdefs.h */
| #define PACKAGE_NAME ""
| #define PACKAGE_TARNAME ""
| #define PACKAGE_VERSION ""
| #define PACKAGE_STRING ""
| #define PACKAGE_BUGREPORT ""
| #define PACKAGE_URL ""
| #define PACKAGE "libxml2"
| #define VERSION "2.8.0"
| /* end confdefs.h.  */
| #include <ac_nonexistent.h>
configure:4171: checking for rm
configure:4189: found /usr/local/bin/rm
configure:4202: result: /usr/local/bin/rm
configure:4212: checking for mv
configure:4230: found /usr/local/bin/mv
configure:4243: result: /usr/local/bin/mv
configure:4253: checking for tar
configure:4271: found /bin/tar
configure:4284: result: /bin/tar
configure:4294: checking for perl
configure:4312: found /usr/bin/perl
configure:4325: result: /usr/bin/perl
configure:4335: checking for wget
configure:4353: found /usr/bin/wget
configure:4366: result: /usr/bin/wget
configure:4376: checking for xmllint
configure:4394: found /usr/bin/xmllint
configure:4407: result: /usr/bin/xmllint
configure:4417: checking for xsltproc
configure:4448: result: /usr/bin/xsltproc
configure:4806: checking how to print strings
configure:4833: result: printf
configure:4854: checking for a sed that does not truncate output
configure:4918: result: /bin/sed
configure:4936: checking for grep that handles long lines and -e
configure:4994: result: /bin/grep
configure:4999: checking for egrep
configure:5061: result: /bin/grep -E
configure:5066: checking for fgrep
configure:5128: result: /bin/grep -F
configure:5163: checking for ld used by gcc
configure:5230: result: /usr/bin/ld
configure:5237: checking if the linker (/usr/bin/ld) is GNU ld
configure:5252: result: yes
configure:5264: checking for BSD- or MS-compatible name lister (nm)
configure:5313: result: /usr/bin/nm -B
configure:5443: checking the name lister (/usr/bin/nm -B) interface
configure:5450: gcc -c -g -ggdb -fsanitize=address  conftest.c >&5
configure:5453: /usr/bin/nm -B "conftest.o"
configure:5456: output
                 U _GLOBAL_OFFSET_TABLE_
0000000000000000 t _GLOBAL__sub_D_00099_0_some_variable
0000000000000017 t _GLOBAL__sub_I_00099_1_some_variable
                 U __asan_init
                 U __asan_register_globals
                 U __asan_unregister_globals
                 U __asan_version_mismatch_check_v8
0000000000000040 B __odr_asan.some_variable
0000000000000000 B some_variable
configure:5463: result: BSD nm
configure:5466: checking whether ln -s works
configure:5470: result: yes
configure:5478: checking the maximum length of command line arguments
configure:5603: result: 1572864
configure:5620: checking whether the shell understands some XSI constructs
configure:5630: result: yes
configure:5634: checking whether the shell understands "+="
configure:5640: result: yes
configure:5675: checking how to convert x86_64-unknown-linux-gnu file names to x86_64-unknown-linux-gnu format
configure:5715: result: func_convert_file_noop
configure:5722: checking how to convert x86_64-unknown-linux-gnu file names to toolchain format
configure:5742: result: func_convert_file_noop
configure:5749: checking for /usr/bin/ld option to reload object files
configure:5756: result: -r
configure:5830: checking for objdump
configure:5857: result: objdump
configure:5886: checking how to recognize dependent libraries
configure:6088: result: pass_all
configure:6173: checking for dlltool
configure:6200: result: dlltool
configure:6230: checking how to associate runtime and link libraries
configure:6257: result: printf %s\n
configure:6318: checking for ar
configure:6334: found /usr/bin/ar
configure:6345: result: ar
configure:6382: checking for archiver @FILE support
configure:6399: gcc -c -g -ggdb -fsanitize=address  conftest.c >&5
configure:6399: $? = 0
configure:6402: ar cru libconftest.a @conftest.lst >&5
ar: `u' modifier ignored since `D' is the default (see `U')
configure:6405: $? = 0
configure:6410: ar cru libconftest.a @conftest.lst >&5
ar: `u' modifier ignored since `D' is the default (see `U')
ar: conftest.o: No such file or directory
configure:6413: $? = 1
configure:6425: result: @
configure:6483: checking for strip
configure:6499: found /usr/bin/strip
configure:6510: result: strip
configure:6582: checking for ranlib
configure:6598: found /usr/bin/ranlib
configure:6609: result: ranlib
configure:6711: checking command to parse /usr/bin/nm -B output from gcc object
configure:6830: gcc -c -g -ggdb -fsanitize=address  conftest.c >&5
configure:6833: $? = 0
configure:6837: /usr/bin/nm -B conftest.o \| sed -n -e 's/^.*[ ]\([ABCDGIRSTW][ABCDGIRSTW]*\)[ ][ ]*\([_A-Za-z][_A-Za-z0-9]*\)$/\1 \2 \2/p' | sed '/ __gnu_lto/d' \> conftest.nm
configure:6840: $? = 0
configure:6906: gcc -o conftest -g -ggdb -fsanitize=address   conftest.c conftstm.o >&5
configure:6909: $? = 0
configure:6947: result: ok
configure:6984: checking for sysroot
configure:7014: result: no
configure:7091: gcc -c -g -ggdb -fsanitize=address  conftest.c >&5
configure:7094: $? = 0
configure:7257: checking for mt
configure:7273: found /bin/mt
configure:7284: result: mt
configure:7307: checking if mt is a manifest tool
configure:7313: mt '-?'
configure:7321: result: no
configure:7949: checking for ANSI C header files
configure:7969: gcc -c -g -ggdb -fsanitize=address  conftest.c >&5
configure:7969: $? = 0
configure:8042: gcc -o conftest -g -ggdb -fsanitize=address   conftest.c  >&5
configure:8042: $? = 0
configure:8042: ./conftest
configure:8042: $? = 0
configure:8053: result: yes
configure:8066: checking for sys/types.h
configure:8066: gcc -c -g -ggdb -fsanitize=address  conftest.c >&5
configure:8066: $? = 0
configure:8066: result: yes
configure:8066: checking for sys/stat.h
configure:8066: gcc -c -g -ggdb -fsanitize=address  conftest.c >&5
configure:8066: $? = 0
configure:8066: result: yes
configure:8066: checking for stdlib.h
configure:8066: gcc -c -g -ggdb -fsanitize=address  conftest.c >&5
configure:8066: $? = 0
configure:8066: result: yes
configure:8066: checking for string.h
configure:8066: gcc -c -g -ggdb -fsanitize=address  conftest.c >&5
configure:8066: $? = 0
configure:8066: result: yes
configure:8066: checking for memory.h
configure:8066: gcc -c -g -ggdb -fsanitize=address  conftest.c >&5
configure:8066: $? = 0
configure:8066: result: yes
configure:8066: checking for strings.h
configure:8066: gcc -c -g -ggdb -fsanitize=address  conftest.c >&5
configure:8066: $? = 0
configure:8066: result: yes
configure:8066: checking for inttypes.h
configure:8066: gcc -c -g -ggdb -fsanitize=address  conftest.c >&5
configure:8066: $? = 0
configure:8066: result: yes
configure:8066: checking for stdint.h
configure:8066: gcc -c -g -ggdb -fsanitize=address  conftest.c >&5
configure:8066: $? = 0
configure:8066: result: yes
configure:8066: checking for unistd.h
configure:8066: gcc -c -g -ggdb -fsanitize=address  conftest.c >&5
configure:8066: $? = 0
configure:8066: result: yes
configure:8080: checking for dlfcn.h
configure:8080: gcc -c -g -ggdb -fsanitize=address  conftest.c >&5
configure:8080: $? = 0
configure:8080: result: yes
configure:8265: checking for objdir
configure:8280: result: .libs
configure:8551: checking if gcc supports -fno-rtti -fno-exceptions
configure:8569: gcc -c -g -ggdb -fsanitize=address  -fno-rtti -fno-exceptions conftest.c >&5
cc1: warning: command line option '-fno-rtti' is valid for C++/ObjC++ but not for C
configure:8573: $? = 0
configure:8586: result: no
configure:8896: checking for gcc option to produce PIC
configure:8903: result: -fPIC -DPIC
configure:8911: checking if gcc PIC flag -fPIC -DPIC works
configure:8929: gcc -c -g -ggdb -fsanitize=address  -fPIC -DPIC -DPIC conftest.c >&5
configure:8933: $? = 0
configure:8946: result: yes
configure:8975: checking if gcc static flag -static works
configure:9003: result: no
configure:9018: checking if gcc supports -c -o file.o
configure:9039: gcc -c -g -ggdb -fsanitize=address  -o out/conftest2.o conftest.c >&5
configure:9043: $? = 0
configure:9065: result: yes
configure:9073: checking if gcc supports -c -o file.o
configure:9120: result: yes
configure:9153: checking whether the gcc linker (/usr/bin/ld -m elf_x86_64) supports shared libraries
configure:10311: result: yes
configure:10348: checking whether -lc should be explicitly linked in
configure:10356: gcc -c -g -ggdb -fsanitize=address  conftest.c >&5
configure:10359: $? = 0
configure:10374: gcc -shared  -fPIC -DPIC conftest.o  -v -Wl,-soname -Wl,conftest -o conftest 2\>\&1 \| /bin/grep  -lc  \>/dev/null 2\>\&1
configure:10377: $? = 0
configure:10391: result: no
configure:10556: checking dynamic linker characteristics
configure:11070: gcc -o conftest -g -ggdb -fsanitize=address   -Wl,-rpath -Wl,/foo conftest.c  >&5
configure:11070: $? = 0
configure:11296: result: GNU/Linux ld.so
configure:11403: checking how to hardcode library paths into programs
configure:11428: result: immediate
configure:11968: checking whether stripping libraries is possible
configure:11973: result: yes
configure:12008: checking if libtool supports shared libraries
configure:12010: result: yes
configure:12013: checking whether to build shared libraries
configure:12034: result: yes
configure:12037: checking whether to build static libraries
configure:12041: result: yes
configure:12548: checking zlib.h usability
configure:12548: gcc -c -g -ggdb -fsanitize=address  conftest.c >&5
configure:12548: $? = 0
configure:12548: result: yes
configure:12548: checking zlib.h presence
configure:12548: gcc -E  conftest.c
configure:12548: $? = 0
configure:12548: result: yes
configure:12548: checking for zlib.h
configure:12548: result: yes
configure:12553: checking for gzread in -lz
configure:12578: gcc -o conftest -g -ggdb -fsanitize=address   conftest.c -lz   >&5
configure:12578: $? = 0
configure:12587: result: yes
configure:12627: checking lzma.h usability
configure:12627: gcc -c -g -ggdb -fsanitize=address  conftest.c >&5
configure:12627: $? = 0
configure:12627: result: yes
configure:12627: checking lzma.h presence
configure:12627: gcc -E  conftest.c
configure:12627: $? = 0
configure:12627: result: yes
configure:12627: checking for lzma.h
configure:12627: result: yes
configure:12632: checking for lzma_code in -llzma
configure:12657: gcc -o conftest -g -ggdb -fsanitize=address   conftest.c -llzma   >&5
configure:12657: $? = 0
configure:12666: result: yes
configure:12700: checking for dirent.h that defines DIR
configure:12719: gcc -c -g -ggdb -fsanitize=address  conftest.c >&5
configure:12719: $? = 0
configure:12727: result: yes
configure:12740: checking for library containing opendir
configure:12771: gcc -o conftest -g -ggdb -fsanitize=address   conftest.c  >&5
configure:12771: $? = 0
configure:12788: result: none required
configure:12855: checking for ANSI C header files
configure:12959: result: yes
configure:12969: checking fcntl.h usability
configure:12969: gcc -c -g -ggdb -fsanitize=address  conftest.c >&5
configure:12969: $? = 0
configure:12969: result: yes
configure:12969: checking fcntl.h presence
configure:12969: gcc -E  conftest.c
configure:12969: $? = 0
configure:12969: result: yes
configure:12969: checking for fcntl.h
configure:12969: result: yes
configure:12981: checking for unistd.h
configure:12981: result: yes
configure:12993: checking ctype.h usability
configure:12993: gcc -c -g -ggdb -fsanitize=address  conftest.c >&5
configure:12993: $? = 0
configure:12993: result: yes
configure:12993: checking ctype.h presence
configure:12993: gcc -E  conftest.c
configure:12993: $? = 0
configure:12993: result: yes
configure:12993: checking for ctype.h
configure:12993: result: yes
configure:13005: checking dirent.h usability
configure:13005: gcc -c -g -ggdb -fsanitize=address  conftest.c >&5
configure:13005: $? = 0
configure:13005: result: yes
configure:13005: checking dirent.h presence
configure:13005: gcc -E  conftest.c
configure:13005: $? = 0
configure:13005: result: yes
configure:13005: checking for dirent.h
configure:13005: result: yes
configure:13017: checking errno.h usability
configure:13017: gcc -c -g -ggdb -fsanitize=address  conftest.c >&5
configure:13017: $? = 0
configure:13017: result: yes
configure:13017: checking errno.h presence
configure:13017: gcc -E  conftest.c
configure:13017: $? = 0
configure:13017: result: yes
configure:13017: checking for errno.h
configure:13017: result: yes
configure:13029: checking malloc.h usability
configure:13029: gcc -c -g -ggdb -fsanitize=address  conftest.c >&5
configure:13029: $? = 0
configure:13029: result: yes
configure:13029: checking malloc.h presence
configure:13029: gcc -E  conftest.c
configure:13029: $? = 0
configure:13029: result: yes
configure:13029: checking for malloc.h
configure:13029: result: yes
configure:13041: checking stdarg.h usability
configure:13041: gcc -c -g -ggdb -fsanitize=address  conftest.c >&5
configure:13041: $? = 0
configure:13041: result: yes
configure:13041: checking stdarg.h presence
configure:13041: gcc -E  conftest.c
configure:13041: $? = 0
configure:13041: result: yes
configure:13041: checking for stdarg.h
configure:13041: result: yes
configure:13053: checking for sys/stat.h
configure:13053: result: yes
configure:13065: checking for sys/types.h
configure:13065: result: yes
configure:13077: checking for stdint.h
configure:13077: result: yes
configure:13089: checking for inttypes.h
configure:13089: result: yes
configure:13101: checking time.h usability
configure:13101: gcc -c -g -ggdb -fsanitize=address  conftest.c >&5
configure:13101: $? = 0
configure:13101: result: yes
configure:13101: checking time.h presence
configure:13101: gcc -E  conftest.c
configure:13101: $? = 0
configure:13101: result: yes
configure:13101: checking for time.h
configure:13101: result: yes
configure:13113: checking ansidecl.h usability
configure:13113: gcc -c -g -ggdb -fsanitize=address  conftest.c >&5
configure:13113: $? = 0
configure:13113: result: yes
configure:13113: checking ansidecl.h presence
configure:13113: gcc -E  conftest.c
configure:13113: $? = 0
configure:13113: result: yes
configure:13113: checking for ansidecl.h
configure:13113: result: yes
configure:13125: checking ieeefp.h usability
configure:13125: gcc -c -g -ggdb -fsanitize=address  conftest.c >&5
conftest.c:75:10: fatal error: ieeefp.h: No such file or directory
 #include <ieeefp.h>
          ^~~~~~~~~~
compilation terminated.
configure:13125: $? = 1
configure: failed program was:
| /* confdefs.h */
| #define PACKAGE_NAME ""
| #define PACKAGE_TARNAME ""
| #define PACKAGE_VERSION ""
| #define PACKAGE_STRING ""
| #define PACKAGE_BUGREPORT ""
| #define PACKAGE_URL ""
| #define PACKAGE "libxml2"
| #define VERSION "2.8.0"
| #define STDC_HEADERS 1
| #define HAVE_SYS_TYPES_H 1
| #define HAVE_SYS_STAT_H 1
| #define HAVE_STDLIB_H 1
| #define HAVE_STRING_H 1
| #define HAVE_MEMORY_H 1
| #define HAVE_STRINGS_H 1
| #define HAVE_INTTYPES_H 1
| #define HAVE_STDINT_H 1
| #define HAVE_UNISTD_H 1
| #define HAVE_DLFCN_H 1
| #define LT_OBJDIR ".libs/"
| #define HAVE_ZLIB_H 1
| #define HAVE_LIBZ 1
| #define HAVE_LZMA_H 1
| #define HAVE_LIBLZMA 1
| #define HAVE_DIRENT_H 1
| #define STDC_HEADERS 1
| #define HAVE_FCNTL_H 1
| #define HAVE_UNISTD_H 1
| #define HAVE_CTYPE_H 1
| #define HAVE_DIRENT_H 1
| #define HAVE_ERRNO_H 1
| #define HAVE_MALLOC_H 1
| #define HAVE_STDARG_H 1
| #define HAVE_SYS_STAT_H 1
| #define HAVE_SYS_TYPES_H 1
| #define HAVE_STDINT_H 1
| #define HAVE_INTTYPES_H 1
| #define HAVE_TIME_H 1
| #define HAVE_ANSIDECL_H 1
| /* end confdefs.h.  */
| #include <stdio.h>
| #ifdef HAVE_SYS_TYPES_H
| # include <sys/types.h>
| #endif
| #ifdef HAVE_SYS_STAT_H
| # include <sys/stat.h>
| #endif
| #ifdef STDC_HEADERS
| # include <stdlib.h>
| # include <stddef.h>
| #else
| # ifdef HAVE_STDLIB_H
| #  include <stdlib.h>
| # endif
| #endif
| #ifdef HAVE_STRING_H
| # if !defined STDC_HEADERS && defined HAVE_MEMORY_H
| #  include <memory.h>
| # endif
| # include <string.h>
| #endif
| #ifdef HAVE_STRINGS_H
| # include <strings.h>
| #endif
| #ifdef HAVE_INTTYPES_H
| # include <inttypes.h>
| #endif
| #ifdef HAVE_STDINT_H
| # include <stdint.h>
| #endif
| #ifdef HAVE_UNISTD_H
| # include <unistd.h>
| #endif
| #include <ieeefp.h>
configure:13125: result: no
configure:13125: checking ieeefp.h presence
configure:13125: gcc -E  conftest.c
conftest.c:42:10: fatal error: ieeefp.h: No such file or directory
 #include <ieeefp.h>
          ^~~~~~~~~~
compilation terminated.
configure:13125: $? = 1
configure: failed program was:
| /* confdefs.h */
| #define PACKAGE_NAME ""
| #define PACKAGE_TARNAME ""
| #define PACKAGE_VERSION ""
| #define PACKAGE_STRING ""
| #define PACKAGE_BUGREPORT ""
| #define PACKAGE_URL ""
| #define PACKAGE "libxml2"
| #define VERSION "2.8.0"
| #define STDC_HEADERS 1
| #define HAVE_SYS_TYPES_H 1
| #define HAVE_SYS_STAT_H 1
| #define HAVE_STDLIB_H 1
| #define HAVE_STRING_H 1
| #define HAVE_MEMORY_H 1
| #define HAVE_STRINGS_H 1
| #define HAVE_INTTYPES_H 1
| #define HAVE_STDINT_H 1
| #define HAVE_UNISTD_H 1
| #define HAVE_DLFCN_H 1
| #define LT_OBJDIR ".libs/"
| #define HAVE_ZLIB_H 1
| #define HAVE_LIBZ 1
| #define HAVE_LZMA_H 1
| #define HAVE_LIBLZMA 1
| #define HAVE_DIRENT_H 1
| #define STDC_HEADERS 1
| #define HAVE_FCNTL_H 1
| #define HAVE_UNISTD_H 1
| #define HAVE_CTYPE_H 1
| #define HAVE_DIRENT_H 1
| #define HAVE_ERRNO_H 1
| #define HAVE_MALLOC_H 1
| #define HAVE_STDARG_H 1
| #define HAVE_SYS_STAT_H 1
| #define HAVE_SYS_TYPES_H 1
| #define HAVE_STDINT_H 1
| #define HAVE_INTTYPES_H 1
| #define HAVE_TIME_H 1
| #define HAVE_ANSIDECL_H 1
| /* end confdefs.h.  */
| #include <ieeefp.h>
configure:13125: result: no
configure:13125: checking for ieeefp.h
configure:13125: result: no
configure:13137: checking nan.h usability
configure:13137: gcc -c -g -ggdb -fsanitize=address  conftest.c >&5
conftest.c:75:10: fatal error: nan.h: No such file or directory
 #include <nan.h>
          ^~~~~~~
compilation terminated.
configure:13137: $? = 1
configure: failed program was:
| /* confdefs.h */
| #define PACKAGE_NAME ""
| #define PACKAGE_TARNAME ""
| #define PACKAGE_VERSION ""
| #define PACKAGE_STRING ""
| #define PACKAGE_BUGREPORT ""
| #define PACKAGE_URL ""
| #define PACKAGE "libxml2"
| #define VERSION "2.8.0"
| #define STDC_HEADERS 1
| #define HAVE_SYS_TYPES_H 1
| #define HAVE_SYS_STAT_H 1
| #define HAVE_STDLIB_H 1
| #define HAVE_STRING_H 1
| #define HAVE_MEMORY_H 1
| #define HAVE_STRINGS_H 1
| #define HAVE_INTTYPES_H 1
| #define HAVE_STDINT_H 1
| #define HAVE_UNISTD_H 1
| #define HAVE_DLFCN_H 1
| #define LT_OBJDIR ".libs/"
| #define HAVE_ZLIB_H 1
| #define HAVE_LIBZ 1
| #define HAVE_LZMA_H 1
| #define HAVE_LIBLZMA 1
| #define HAVE_DIRENT_H 1
| #define STDC_HEADERS 1
| #define HAVE_FCNTL_H 1
| #define HAVE_UNISTD_H 1
| #define HAVE_CTYPE_H 1
| #define HAVE_DIRENT_H 1
| #define HAVE_ERRNO_H 1
| #define HAVE_MALLOC_H 1
| #define HAVE_STDARG_H 1
| #define HAVE_SYS_STAT_H 1
| #define HAVE_SYS_TYPES_H 1
| #define HAVE_STDINT_H 1
| #define HAVE_INTTYPES_H 1
| #define HAVE_TIME_H 1
| #define HAVE_ANSIDECL_H 1
| /* end confdefs.h.  */
| #include <stdio.h>
| #ifdef HAVE_SYS_TYPES_H
| # include <sys/types.h>
| #endif
| #ifdef HAVE_SYS_STAT_H
| # include <sys/stat.h>
| #endif
| #ifdef STDC_HEADERS
| # include <stdlib.h>
| # include <stddef.h>
| #else
| # ifdef HAVE_STDLIB_H
| #  include <stdlib.h>
| # endif
| #endif
| #ifdef HAVE_STRING_H
| # if !defined STDC_HEADERS && defined HAVE_MEMORY_H
| #  include <memory.h>
| # endif
| # include <string.h>
| #endif
| #ifdef HAVE_STRINGS_H
| # include <strings.h>
| #endif
| #ifdef HAVE_INTTYPES_H
| # include <inttypes.h>
| #endif
| #ifdef HAVE_STDINT_H
| # include <stdint.h>
| #endif
| #ifdef HAVE_UNISTD_H
| # include <unistd.h>
| #endif
| #include <nan.h>
configure:13137: result: no
configure:13137: checking nan.h presence
configure:13137: gcc -E  conftest.c
conftest.c:42:10: fatal error: nan.h: No such file or directory
 #include <nan.h>
          ^~~~~~~
compilation terminated.
configure:13137: $? = 1
configure: failed program was:
| /* confdefs.h */
| #define PACKAGE_NAME ""
| #define PACKAGE_TARNAME ""
| #define PACKAGE_VERSION ""
| #define PACKAGE_STRING ""
| #define PACKAGE_BUGREPORT ""
| #define PACKAGE_URL ""
| #define PACKAGE "libxml2"
| #define VERSION "2.8.0"
| #define STDC_HEADERS 1
| #define HAVE_SYS_TYPES_H 1
| #define HAVE_SYS_STAT_H 1
| #define HAVE_STDLIB_H 1
| #define HAVE_STRING_H 1
| #define HAVE_MEMORY_H 1
| #define HAVE_STRINGS_H 1
| #define HAVE_INTTYPES_H 1
| #define HAVE_STDINT_H 1
| #define HAVE_UNISTD_H 1
| #define HAVE_DLFCN_H 1
| #define LT_OBJDIR ".libs/"
| #define HAVE_ZLIB_H 1
| #define HAVE_LIBZ 1
| #define HAVE_LZMA_H 1
| #define HAVE_LIBLZMA 1
| #define HAVE_DIRENT_H 1
| #define STDC_HEADERS 1
| #define HAVE_FCNTL_H 1
| #define HAVE_UNISTD_H 1
| #define HAVE_CTYPE_H 1
| #define HAVE_DIRENT_H 1
| #define HAVE_ERRNO_H 1
| #define HAVE_MALLOC_H 1
| #define HAVE_STDARG_H 1
| #define HAVE_SYS_STAT_H 1
| #define HAVE_SYS_TYPES_H 1
| #define HAVE_STDINT_H 1
| #define HAVE_INTTYPES_H 1
| #define HAVE_TIME_H 1
| #define HAVE_ANSIDECL_H 1
| /* end confdefs.h.  */
| #include <nan.h>
configure:13137: result: no
configure:13137: checking for nan.h
configure:13137: result: no
configure:13149: checking math.h usability
configure:13149: gcc -c -g -ggdb -fsanitize=address  conftest.c >&5
configure:13149: $? = 0
configure:13149: result: yes
configure:13149: checking math.h presence
configure:13149: gcc -E  conftest.c
configure:13149: $? = 0
configure:13149: result: yes
configure:13149: checking for math.h
configure:13149: result: yes
configure:13161: checking limits.h usability
configure:13161: gcc -c -g -ggdb -fsanitize=address  conftest.c >&5
configure:13161: $? = 0
configure:13161: result: yes
configure:13161: checking limits.h presence
configure:13161: gcc -E  conftest.c
configure:13161: $? = 0
configure:13161: result: yes
configure:13161: checking for limits.h
configure:13161: result: yes
configure:13173: checking fp_class.h usability
configure:13173: gcc -c -g -ggdb -fsanitize=address  conftest.c >&5
conftest.c:77:10: fatal error: fp_class.h: No such file or directory
 #include <fp_class.h>
          ^~~~~~~~~~~~
compilation terminated.
configure:13173: $? = 1
configure: failed program was:
| /* confdefs.h */
| #define PACKAGE_NAME ""
| #define PACKAGE_TARNAME ""
| #define PACKAGE_VERSION ""
| #define PACKAGE_STRING ""
| #define PACKAGE_BUGREPORT ""
| #define PACKAGE_URL ""
| #define PACKAGE "libxml2"
| #define VERSION "2.8.0"
| #define STDC_HEADERS 1
| #define HAVE_SYS_TYPES_H 1
| #define HAVE_SYS_STAT_H 1
| #define HAVE_STDLIB_H 1
| #define HAVE_STRING_H 1
| #define HAVE_MEMORY_H 1
| #define HAVE_STRINGS_H 1
| #define HAVE_INTTYPES_H 1
| #define HAVE_STDINT_H 1
| #define HAVE_UNISTD_H 1
| #define HAVE_DLFCN_H 1
| #define LT_OBJDIR ".libs/"
| #define HAVE_ZLIB_H 1
| #define HAVE_LIBZ 1
| #define HAVE_LZMA_H 1
| #define HAVE_LIBLZMA 1
| #define HAVE_DIRENT_H 1
| #define STDC_HEADERS 1
| #define HAVE_FCNTL_H 1
| #define HAVE_UNISTD_H 1
| #define HAVE_CTYPE_H 1
| #define HAVE_DIRENT_H 1
| #define HAVE_ERRNO_H 1
| #define HAVE_MALLOC_H 1
| #define HAVE_STDARG_H 1
| #define HAVE_SYS_STAT_H 1
| #define HAVE_SYS_TYPES_H 1
| #define HAVE_STDINT_H 1
| #define HAVE_INTTYPES_H 1
| #define HAVE_TIME_H 1
| #define HAVE_ANSIDECL_H 1
| #define HAVE_MATH_H 1
| #define HAVE_LIMITS_H 1
| /* end confdefs.h.  */
| #include <stdio.h>
| #ifdef HAVE_SYS_TYPES_H
| # include <sys/types.h>
| #endif
| #ifdef HAVE_SYS_STAT_H
| # include <sys/stat.h>
| #endif
| #ifdef STDC_HEADERS
| # include <stdlib.h>
| # include <stddef.h>
| #else
| # ifdef HAVE_STDLIB_H
| #  include <stdlib.h>
| # endif
| #endif
| #ifdef HAVE_STRING_H
| # if !defined STDC_HEADERS && defined HAVE_MEMORY_H
| #  include <memory.h>
| # endif
| # include <string.h>
| #endif
| #ifdef HAVE_STRINGS_H
| # include <strings.h>
| #endif
| #ifdef HAVE_INTTYPES_H
| # include <inttypes.h>
| #endif
| #ifdef HAVE_STDINT_H
| # include <stdint.h>
| #endif
| #ifdef HAVE_UNISTD_H
| # include <unistd.h>
| #endif
| #include <fp_class.h>
configure:13173: result: no
configure:13173: checking fp_class.h presence
configure:13173: gcc -E  conftest.c
conftest.c:44:10: fatal error: fp_class.h: No such file or directory
 #include <fp_class.h>
          ^~~~~~~~~~~~
compilation terminated.
configure:13173: $? = 1
configure: failed program was:
| /* confdefs.h */
| #define PACKAGE_NAME ""
| #define PACKAGE_TARNAME ""
| #define PACKAGE_VERSION ""
| #define PACKAGE_STRING ""
| #define PACKAGE_BUGREPORT ""
| #define PACKAGE_URL ""
| #define PACKAGE "libxml2"
| #define VERSION "2.8.0"
| #define STDC_HEADERS 1
| #define HAVE_SYS_TYPES_H 1
| #define HAVE_SYS_STAT_H 1
| #define HAVE_STDLIB_H 1
| #define HAVE_STRING_H 1
| #define HAVE_MEMORY_H 1
| #define HAVE_STRINGS_H 1
| #define HAVE_INTTYPES_H 1
| #define HAVE_STDINT_H 1
| #define HAVE_UNISTD_H 1
| #define HAVE_DLFCN_H 1
| #define LT_OBJDIR ".libs/"
| #define HAVE_ZLIB_H 1
| #define HAVE_LIBZ 1
| #define HAVE_LZMA_H 1
| #define HAVE_LIBLZMA 1
| #define HAVE_DIRENT_H 1
| #define STDC_HEADERS 1
| #define HAVE_FCNTL_H 1
| #define HAVE_UNISTD_H 1
| #define HAVE_CTYPE_H 1
| #define HAVE_DIRENT_H 1
| #define HAVE_ERRNO_H 1
| #define HAVE_MALLOC_H 1
| #define HAVE_STDARG_H 1
| #define HAVE_SYS_STAT_H 1
| #define HAVE_SYS_TYPES_H 1
| #define HAVE_STDINT_H 1
| #define HAVE_INTTYPES_H 1
| #define HAVE_TIME_H 1
| #define HAVE_ANSIDECL_H 1
| #define HAVE_MATH_H 1
| #define HAVE_LIMITS_H 1
| /* end confdefs.h.  */
| #include <fp_class.h>
configure:13173: result: no
configure:13173: checking for fp_class.h
configure:13173: result: no
configure:13185: checking float.h usability
configure:13185: gcc -c -g -ggdb -fsanitize=address  conftest.c >&5
configure:13185: $? = 0
configure:13185: result: yes
configure:13185: checking float.h presence
configure:13185: gcc -E  conftest.c
configure:13185: $? = 0
configure:13185: result: yes
configure:13185: checking for float.h
configure:13185: result: yes
configure:13197: checking for stdlib.h
configure:13197: result: yes
configure:13209: checking for sys/socket.h
configure:13209: gcc -c -g -ggdb -fsanitize=address  conftest.c >&5
configure:13209: $? = 0
configure:13209: result: yes
configure:13225: checking for netinet/in.h
configure:13225: gcc -c -g -ggdb -fsanitize=address  conftest.c >&5
configure:13225: $? = 0
configure:13225: result: yes
configure:13241: checking for arpa/inet.h
configure:13241: gcc -c -g -ggdb -fsanitize=address  conftest.c >&5
configure:13241: $? = 0
configure:13241: result: yes
configure:13260: checking netdb.h usability
configure:13260: gcc -c -g -ggdb -fsanitize=address  conftest.c >&5
configure:13260: $? = 0
configure:13260: result: yes
configure:13260: checking netdb.h presence
configure:13260: gcc -E  conftest.c
configure:13260: $? = 0
configure:13260: result: yes
configure:13260: checking for netdb.h
configure:13260: result: yes
configure:13272: checking sys/time.h usability
configure:13272: gcc -c -g -ggdb -fsanitize=address  conftest.c >&5
configure:13272: $? = 0
configure:13272: result: yes
configure:13272: checking sys/time.h presence
configure:13272: gcc -E  conftest.c
configure:13272: $? = 0
configure:13272: result: yes
configure:13272: checking for sys/time.h
configure:13272: result: yes
configure:13284: checking sys/select.h usability
configure:13284: gcc -c -g -ggdb -fsanitize=address  conftest.c >&5
configure:13284: $? = 0
configure:13284: result: yes
configure:13284: checking sys/select.h presence
configure:13284: gcc -E  conftest.c
configure:13284: $? = 0
configure:13284: result: yes
configure:13284: checking for sys/select.h
configure:13284: result: yes
configure:13296: checking poll.h usability
configure:13296: gcc -c -g -ggdb -fsanitize=address  conftest.c >&5
configure:13296: $? = 0
configure:13296: result: yes
configure:13296: checking poll.h presence
configure:13296: gcc -E  conftest.c
configure:13296: $? = 0
configure:13296: result: yes
configure:13296: checking for poll.h
configure:13296: result: yes
configure:13308: checking sys/mman.h usability
configure:13308: gcc -c -g -ggdb -fsanitize=address  conftest.c >&5
configure:13308: $? = 0
configure:13308: result: yes
configure:13308: checking sys/mman.h presence
configure:13308: gcc -E  conftest.c
configure:13308: $? = 0
configure:13308: result: yes
configure:13308: checking for sys/mman.h
configure:13308: result: yes
configure:13320: checking sys/timeb.h usability
configure:13320: gcc -c -g -ggdb -fsanitize=address  conftest.c >&5
configure:13320: $? = 0
configure:13320: result: yes
configure:13320: checking sys/timeb.h presence
configure:13320: gcc -E  conftest.c
configure:13320: $? = 0
configure:13320: result: yes
configure:13320: checking for sys/timeb.h
configure:13320: result: yes
configure:13332: checking signal.h usability
configure:13332: gcc -c -g -ggdb -fsanitize=address  conftest.c >&5
configure:13332: $? = 0
configure:13332: result: yes
configure:13332: checking signal.h presence
configure:13332: gcc -E  conftest.c
configure:13332: $? = 0
configure:13332: result: yes
configure:13332: checking for signal.h
configure:13332: result: yes
configure:13344: checking for arpa/nameser.h
configure:13344: gcc -c -g -ggdb -fsanitize=address  conftest.c >&5
configure:13344: $? = 0
configure:13344: result: yes
configure:13360: checking for resolv.h
configure:13360: gcc -c -g -ggdb -fsanitize=address  conftest.c >&5
configure:13360: $? = 0
configure:13360: result: yes
configure:13382: checking dl.h usability
configure:13382: gcc -c -g -ggdb -fsanitize=address  conftest.c >&5
conftest.c:91:10: fatal error: dl.h: No such file or directory
 #include <dl.h>
          ^~~~~~
compilation terminated.
configure:13382: $? = 1
configure: failed program was:
| /* confdefs.h */
| #define PACKAGE_NAME ""
| #define PACKAGE_TARNAME ""
| #define PACKAGE_VERSION ""
| #define PACKAGE_STRING ""
| #define PACKAGE_BUGREPORT ""
| #define PACKAGE_URL ""
| #define PACKAGE "libxml2"
| #define VERSION "2.8.0"
| #define STDC_HEADERS 1
| #define HAVE_SYS_TYPES_H 1
| #define HAVE_SYS_STAT_H 1
| #define HAVE_STDLIB_H 1
| #define HAVE_STRING_H 1
| #define HAVE_MEMORY_H 1
| #define HAVE_STRINGS_H 1
| #define HAVE_INTTYPES_H 1
| #define HAVE_STDINT_H 1
| #define HAVE_UNISTD_H 1
| #define HAVE_DLFCN_H 1
| #define LT_OBJDIR ".libs/"
| #define HAVE_ZLIB_H 1
| #define HAVE_LIBZ 1
| #define HAVE_LZMA_H 1
| #define HAVE_LIBLZMA 1
| #define HAVE_DIRENT_H 1
| #define STDC_HEADERS 1
| #define HAVE_FCNTL_H 1
| #define HAVE_UNISTD_H 1
| #define HAVE_CTYPE_H 1
| #define HAVE_DIRENT_H 1
| #define HAVE_ERRNO_H 1
| #define HAVE_MALLOC_H 1
| #define HAVE_STDARG_H 1
| #define HAVE_SYS_STAT_H 1
| #define HAVE_SYS_TYPES_H 1
| #define HAVE_STDINT_H 1
| #define HAVE_INTTYPES_H 1
| #define HAVE_TIME_H 1
| #define HAVE_ANSIDECL_H 1
| #define HAVE_MATH_H 1
| #define HAVE_LIMITS_H 1
| #define HAVE_FLOAT_H 1
| #define HAVE_STDLIB_H 1
| #define HAVE_SYS_SOCKET_H 1
| #define HAVE_NETINET_IN_H 1
| #define HAVE_ARPA_INET_H 1
| #define HAVE_NETDB_H 1
| #define HAVE_SYS_TIME_H 1
| #define HAVE_SYS_SELECT_H 1
| #define HAVE_POLL_H 1
| #define HAVE_SYS_MMAN_H 1
| #define HAVE_SYS_TIMEB_H 1
| #define HAVE_SIGNAL_H 1
| #define HAVE_ARPA_NAMESER_H 1
| #define HAVE_RESOLV_H 1
| /* end confdefs.h.  */
| #include <stdio.h>
| #ifdef HAVE_SYS_TYPES_H
| # include <sys/types.h>
| #endif
| #ifdef HAVE_SYS_STAT_H
| # include <sys/stat.h>
| #endif
| #ifdef STDC_HEADERS
| # include <stdlib.h>
| # include <stddef.h>
| #else
| # ifdef HAVE_STDLIB_H
| #  include <stdlib.h>
| # endif
| #endif
| #ifdef HAVE_STRING_H
| # if !defined STDC_HEADERS && defined HAVE_MEMORY_H
| #  include <memory.h>
| # endif
| # include <string.h>
| #endif
| #ifdef HAVE_STRINGS_H
| # include <strings.h>
| #endif
| #ifdef HAVE_INTTYPES_H
| # include <inttypes.h>
| #endif
| #ifdef HAVE_STDINT_H
| # include <stdint.h>
| #endif
| #ifdef HAVE_UNISTD_H
| # include <unistd.h>
| #endif
| #include <dl.h>
configure:13382: result: no
configure:13382: checking dl.h presence
configure:13382: gcc -E  conftest.c
conftest.c:58:10: fatal error: dl.h: No such file or directory
 #include <dl.h>
          ^~~~~~
compilation terminated.
configure:13382: $? = 1
configure: failed program was:
| /* confdefs.h */
| #define PACKAGE_NAME ""
| #define PACKAGE_TARNAME ""
| #define PACKAGE_VERSION ""
| #define PACKAGE_STRING ""
| #define PACKAGE_BUGREPORT ""
| #define PACKAGE_URL ""
| #define PACKAGE "libxml2"
| #define VERSION "2.8.0"
| #define STDC_HEADERS 1
| #define HAVE_SYS_TYPES_H 1
| #define HAVE_SYS_STAT_H 1
| #define HAVE_STDLIB_H 1
| #define HAVE_STRING_H 1
| #define HAVE_MEMORY_H 1
| #define HAVE_STRINGS_H 1
| #define HAVE_INTTYPES_H 1
| #define HAVE_STDINT_H 1
| #define HAVE_UNISTD_H 1
| #define HAVE_DLFCN_H 1
| #define LT_OBJDIR ".libs/"
| #define HAVE_ZLIB_H 1
| #define HAVE_LIBZ 1
| #define HAVE_LZMA_H 1
| #define HAVE_LIBLZMA 1
| #define HAVE_DIRENT_H 1
| #define STDC_HEADERS 1
| #define HAVE_FCNTL_H 1
| #define HAVE_UNISTD_H 1
| #define HAVE_CTYPE_H 1
| #define HAVE_DIRENT_H 1
| #define HAVE_ERRNO_H 1
| #define HAVE_MALLOC_H 1
| #define HAVE_STDARG_H 1
| #define HAVE_SYS_STAT_H 1
| #define HAVE_SYS_TYPES_H 1
| #define HAVE_STDINT_H 1
| #define HAVE_INTTYPES_H 1
| #define HAVE_TIME_H 1
| #define HAVE_ANSIDECL_H 1
| #define HAVE_MATH_H 1
| #define HAVE_LIMITS_H 1
| #define HAVE_FLOAT_H 1
| #define HAVE_STDLIB_H 1
| #define HAVE_SYS_SOCKET_H 1
| #define HAVE_NETINET_IN_H 1
| #define HAVE_ARPA_INET_H 1
| #define HAVE_NETDB_H 1
| #define HAVE_SYS_TIME_H 1
| #define HAVE_SYS_SELECT_H 1
| #define HAVE_POLL_H 1
| #define HAVE_SYS_MMAN_H 1
| #define HAVE_SYS_TIMEB_H 1
| #define HAVE_SIGNAL_H 1
| #define HAVE_ARPA_NAMESER_H 1
| #define HAVE_RESOLV_H 1
| /* end confdefs.h.  */
| #include <dl.h>
configure:13382: result: no
configure:13382: checking for dl.h
configure:13382: result: no
configure:13394: checking for dlfcn.h
configure:13394: result: yes
configure:13410: checking for strftime
configure:13410: gcc -o conftest -g -ggdb -fsanitize=address   conftest.c  >&5
conftest.c:82:6: warning: conflicting types for built-in function 'strftime' [-Wbuiltin-declaration-mismatch]
 char strftime ();
      ^~~~~~~~
configure:13410: $? = 0
configure:13410: result: yes
configure:13466: checking for strdup
configure:13466: gcc -o conftest -g -ggdb -fsanitize=address   conftest.c  >&5
conftest.c:83:6: warning: conflicting types for built-in function 'strdup' [-Wbuiltin-declaration-mismatch]
 char strdup ();
      ^~~~~~
configure:13466: $? = 0
configure:13466: result: yes
configure:13466: checking for strndup
configure:13466: gcc -o conftest -g -ggdb -fsanitize=address   conftest.c  >&5
conftest.c:84:6: warning: conflicting types for built-in function 'strndup' [-Wbuiltin-declaration-mismatch]
 char strndup ();
      ^~~~~~~
configure:13466: $? = 0
configure:13466: result: yes
configure:13466: checking for strerror
configure:13466: gcc -o conftest -g -ggdb -fsanitize=address   conftest.c  >&5
configure:13466: $? = 0
configure:13466: result: yes
configure:13478: checking for finite
configure:13478: gcc -o conftest -g -ggdb -fsanitize=address   conftest.c  >&5
conftest.c:86:6: warning: conflicting types for built-in function 'finite' [-Wbuiltin-declaration-mismatch]
 char finite ();
      ^~~~~~
configure:13478: $? = 0
configure:13478: result: yes
configure:13478: checking for isnand
configure:13478: gcc -o conftest -g -ggdb -fsanitize=address   conftest.c  >&5
/tmp/ccvMDsug.o: In function `main':
/playpen1/cve_fuzz_ml/crash_search/to_submit/data/libxml2-2.8.0/conftest.c:98: undefined reference to `isnand'
collect2: error: ld returned 1 exit status
configure:13478: $? = 1
configure: failed program was:
| /* confdefs.h */
| #define PACKAGE_NAME ""
| #define PACKAGE_TARNAME ""
| #define PACKAGE_VERSION ""
| #define PACKAGE_STRING ""
| #define PACKAGE_BUGREPORT ""
| #define PACKAGE_URL ""
| #define PACKAGE "libxml2"
| #define VERSION "2.8.0"
| #define STDC_HEADERS 1
| #define HAVE_SYS_TYPES_H 1
| #define HAVE_SYS_STAT_H 1
| #define HAVE_STDLIB_H 1
| #define HAVE_STRING_H 1
| #define HAVE_MEMORY_H 1
| #define HAVE_STRINGS_H 1
| #define HAVE_INTTYPES_H 1
| #define HAVE_STDINT_H 1
| #define HAVE_UNISTD_H 1
| #define HAVE_DLFCN_H 1
| #define LT_OBJDIR ".libs/"
| #define HAVE_ZLIB_H 1
| #define HAVE_LIBZ 1
| #define HAVE_LZMA_H 1
| #define HAVE_LIBLZMA 1
| #define HAVE_DIRENT_H 1
| #define STDC_HEADERS 1
| #define HAVE_FCNTL_H 1
| #define HAVE_UNISTD_H 1
| #define HAVE_CTYPE_H 1
| #define HAVE_DIRENT_H 1
| #define HAVE_ERRNO_H 1
| #define HAVE_MALLOC_H 1
| #define HAVE_STDARG_H 1
| #define HAVE_SYS_STAT_H 1
| #define HAVE_SYS_TYPES_H 1
| #define HAVE_STDINT_H 1
| #define HAVE_INTTYPES_H 1
| #define HAVE_TIME_H 1
| #define HAVE_ANSIDECL_H 1
| #define HAVE_MATH_H 1
| #define HAVE_LIMITS_H 1
| #define HAVE_FLOAT_H 1
| #define HAVE_STDLIB_H 1
| #define HAVE_SYS_SOCKET_H 1
| #define HAVE_NETINET_IN_H 1
| #define HAVE_ARPA_INET_H 1
| #define HAVE_NETDB_H 1
| #define HAVE_SYS_TIME_H 1
| #define HAVE_SYS_SELECT_H 1
| #define HAVE_POLL_H 1
| #define HAVE_SYS_MMAN_H 1
| #define HAVE_SYS_TIMEB_H 1
| #define HAVE_SIGNAL_H 1
| #define HAVE_ARPA_NAMESER_H 1
| #define HAVE_RESOLV_H 1
| #define HAVE_DLFCN_H 1
| #define HAVE_STRFTIME 1
| #define HAVE_STRDUP 1
| #define HAVE_STRNDUP 1
| #define HAVE_STRERROR 1
| #define HAVE_FINITE 1
| /* end confdefs.h.  */
| /* Define isnand to an innocuous variant, in case <limits.h> declares isnand.
|    For example, HP-UX 11i <limits.h> declares gettimeofday.  */
| #define isnand innocuous_isnand
| 
| /* System header to define __stub macros and hopefully few prototypes,
|     which can conflict with char isnand (); below.
|     Prefer <limits.h> to <assert.h> if __STDC__ is defined, since
|     <limits.h> exists even on freestanding compilers.  */
| 
| #ifdef __STDC__
| # include <limits.h>
| #else
| # include <assert.h>
| #endif
| 
| #undef isnand
| 
| /* Override any GCC internal prototype to avoid an error.
|    Use char because int might match the return type of a GCC
|    builtin and then its argument prototype would still apply.  */
| #ifdef __cplusplus
| extern "C"
| #endif
| char isnand ();
| /* The GNU C library defines this for functions which it implements
|     to always fail with ENOSYS.  Some functions are actually named
|     something starting with __ and the normal name is an alias.  */
| #if defined __stub_isnand || defined __stub___isnand
| choke me
| #endif
| 
| int
| main ()
| {
| return isnand ();
|   ;
|   return 0;
| }
configure:13478: result: no
configure:13478: checking for fp_class
configure:13478: gcc -o conftest -g -ggdb -fsanitize=address   conftest.c  >&5
/tmp/cc0LDohj.o: In function `main':
/playpen1/cve_fuzz_ml/crash_search/to_submit/data/libxml2-2.8.0/conftest.c:98: undefined reference to `fp_class'
collect2: error: ld returned 1 exit status
configure:13478: $? = 1
configure: failed program was:
| /* confdefs.h */
| #define PACKAGE_NAME ""
| #define PACKAGE_TARNAME ""
| #define PACKAGE_VERSION ""
| #define PACKAGE_STRING ""
| #define PACKAGE_BUGREPORT ""
| #define PACKAGE_URL ""
| #define PACKAGE "libxml2"
| #define VERSION "2.8.0"
| #define STDC_HEADERS 1
| #define HAVE_SYS_TYPES_H 1
| #define HAVE_SYS_STAT_H 1
| #define HAVE_STDLIB_H 1
| #define HAVE_STRING_H 1
| #define HAVE_MEMORY_H 1
| #define HAVE_STRINGS_H 1
| #define HAVE_INTTYPES_H 1
| #define HAVE_STDINT_H 1
| #define HAVE_UNISTD_H 1
| #define HAVE_DLFCN_H 1
| #define LT_OBJDIR ".libs/"
| #define HAVE_ZLIB_H 1
| #define HAVE_LIBZ 1
| #define HAVE_LZMA_H 1
| #define HAVE_LIBLZMA 1
| #define HAVE_DIRENT_H 1
| #define STDC_HEADERS 1
| #define HAVE_FCNTL_H 1
| #define HAVE_UNISTD_H 1
| #define HAVE_CTYPE_H 1
| #define HAVE_DIRENT_H 1
| #define HAVE_ERRNO_H 1
| #define HAVE_MALLOC_H 1
| #define HAVE_STDARG_H 1
| #define HAVE_SYS_STAT_H 1
| #define HAVE_SYS_TYPES_H 1
| #define HAVE_STDINT_H 1
| #define HAVE_INTTYPES_H 1
| #define HAVE_TIME_H 1
| #define HAVE_ANSIDECL_H 1
| #define HAVE_MATH_H 1
| #define HAVE_LIMITS_H 1
| #define HAVE_FLOAT_H 1
| #define HAVE_STDLIB_H 1
| #define HAVE_SYS_SOCKET_H 1
| #define HAVE_NETINET_IN_H 1
| #define HAVE_ARPA_INET_H 1
| #define HAVE_NETDB_H 1
| #define HAVE_SYS_TIME_H 1
| #define HAVE_SYS_SELECT_H 1
| #define HAVE_POLL_H 1
| #define HAVE_SYS_MMAN_H 1
| #define HAVE_SYS_TIMEB_H 1
| #define HAVE_SIGNAL_H 1
| #define HAVE_ARPA_NAMESER_H 1
| #define HAVE_RESOLV_H 1
| #define HAVE_DLFCN_H 1
| #define HAVE_STRFTIME 1
| #define HAVE_STRDUP 1
| #define HAVE_STRNDUP 1
| #define HAVE_STRERROR 1
| #define HAVE_FINITE 1
| /* end confdefs.h.  */
| /* Define fp_class to an innocuous variant, in case <limits.h> declares fp_class.
|    For example, HP-UX 11i <limits.h> declares gettimeofday.  */
| #define fp_class innocuous_fp_class
| 
| /* System header to define __stub macros and hopefully few prototypes,
|     which can conflict with char fp_class (); below.
|     Prefer <limits.h> to <assert.h> if __STDC__ is defined, since
|     <limits.h> exists even on freestanding compilers.  */
| 
| #ifdef __STDC__
| # include <limits.h>
| #else
| # include <assert.h>
| #endif
| 
| #undef fp_class
| 
| /* Override any GCC internal prototype to avoid an error.
|    Use char because int might match the return type of a GCC
|    builtin and then its argument prototype would still apply.  */
| #ifdef __cplusplus
| extern "C"
| #endif
| char fp_class ();
| /* The GNU C library defines this for functions which it implements
|     to always fail with ENOSYS.  Some functions are actually named
|     something starting with __ and the normal name is an alias.  */
| #if defined __stub_fp_class || defined __stub___fp_class
| choke me
| #endif
| 
| int
| main ()
| {
| return fp_class ();
|   ;
|   return 0;
| }
configure:13478: result: no
configure:13478: checking for class
configure:13478: gcc -o conftest -g -ggdb -fsanitize=address   conftest.c  >&5
/tmp/ccY2zl3k.o: In function `main':
/playpen1/cve_fuzz_ml/crash_search/to_submit/data/libxml2-2.8.0/conftest.c:98: undefined reference to `class'
collect2: error: ld returned 1 exit status
configure:13478: $? = 1
configure: failed program was:
| /* confdefs.h */
| #define PACKAGE_NAME ""
| #define PACKAGE_TARNAME ""
| #define PACKAGE_VERSION ""
| #define PACKAGE_STRING ""
| #define PACKAGE_BUGREPORT ""
| #define PACKAGE_URL ""
| #define PACKAGE "libxml2"
| #define VERSION "2.8.0"
| #define STDC_HEADERS 1
| #define HAVE_SYS_TYPES_H 1
| #define HAVE_SYS_STAT_H 1
| #define HAVE_STDLIB_H 1
| #define HAVE_STRING_H 1
| #define HAVE_MEMORY_H 1
| #define HAVE_STRINGS_H 1
| #define HAVE_INTTYPES_H 1
| #define HAVE_STDINT_H 1
| #define HAVE_UNISTD_H 1
| #define HAVE_DLFCN_H 1
| #define LT_OBJDIR ".libs/"
| #define HAVE_ZLIB_H 1
| #define HAVE_LIBZ 1
| #define HAVE_LZMA_H 1
| #define HAVE_LIBLZMA 1
| #define HAVE_DIRENT_H 1
| #define STDC_HEADERS 1
| #define HAVE_FCNTL_H 1
| #define HAVE_UNISTD_H 1
| #define HAVE_CTYPE_H 1
| #define HAVE_DIRENT_H 1
| #define HAVE_ERRNO_H 1
| #define HAVE_MALLOC_H 1
| #define HAVE_STDARG_H 1
| #define HAVE_SYS_STAT_H 1
| #define HAVE_SYS_TYPES_H 1
| #define HAVE_STDINT_H 1
| #define HAVE_INTTYPES_H 1
| #define HAVE_TIME_H 1
| #define HAVE_ANSIDECL_H 1
| #define HAVE_MATH_H 1
| #define HAVE_LIMITS_H 1
| #define HAVE_FLOAT_H 1
| #define HAVE_STDLIB_H 1
| #define HAVE_SYS_SOCKET_H 1
| #define HAVE_NETINET_IN_H 1
| #define HAVE_ARPA_INET_H 1
| #define HAVE_NETDB_H 1
| #define HAVE_SYS_TIME_H 1
| #define HAVE_SYS_SELECT_H 1
| #define HAVE_POLL_H 1
| #define HAVE_SYS_MMAN_H 1
| #define HAVE_SYS_TIMEB_H 1
| #define HAVE_SIGNAL_H 1
| #define HAVE_ARPA_NAMESER_H 1
| #define HAVE_RESOLV_H 1
| #define HAVE_DLFCN_H 1
| #define HAVE_STRFTIME 1
| #define HAVE_STRDUP 1
| #define HAVE_STRNDUP 1
| #define HAVE_STRERROR 1
| #define HAVE_FINITE 1
| /* end confdefs.h.  */
| /* Define class to an innocuous variant, in case <limits.h> declares class.
|    For example, HP-UX 11i <limits.h> declares gettimeofday.  */
| #define class innocuous_class
| 
| /* System header to define __stub macros and hopefully few prototypes,
|     which can conflict with char class (); below.
|     Prefer <limits.h> to <assert.h> if __STDC__ is defined, since
|     <limits.h> exists even on freestanding compilers.  */
| 
| #ifdef __STDC__
| # include <limits.h>
| #else
| # include <assert.h>
| #endif
| 
| #undef class
| 
| /* Override any GCC internal prototype to avoid an error.
|    Use char because int might match the return type of a GCC
|    builtin and then its argument prototype would still apply.  */
| #ifdef __cplusplus
| extern "C"
| #endif
| char class ();
| /* The GNU C library defines this for functions which it implements
|     to always fail with ENOSYS.  Some functions are actually named
|     something starting with __ and the normal name is an alias.  */
| #if defined __stub_class || defined __stub___class
| choke me
| #endif
| 
| int
| main ()
| {
| return class ();
|   ;
|   return 0;
| }
configure:13478: result: no
configure:13478: checking for fpclass
configure:13478: gcc -o conftest -g -ggdb -fsanitize=address   conftest.c  >&5
/tmp/ccHzDf0n.o: In function `main':
/playpen1/cve_fuzz_ml/crash_search/to_submit/data/libxml2-2.8.0/conftest.c:98: undefined reference to `fpclass'
collect2: error: ld returned 1 exit status
configure:13478: $? = 1
configure: failed program was:
| /* confdefs.h */
| #define PACKAGE_NAME ""
| #define PACKAGE_TARNAME ""
| #define PACKAGE_VERSION ""
| #define PACKAGE_STRING ""
| #define PACKAGE_BUGREPORT ""
| #define PACKAGE_URL ""
| #define PACKAGE "libxml2"
| #define VERSION "2.8.0"
| #define STDC_HEADERS 1
| #define HAVE_SYS_TYPES_H 1
| #define HAVE_SYS_STAT_H 1
| #define HAVE_STDLIB_H 1
| #define HAVE_STRING_H 1
| #define HAVE_MEMORY_H 1
| #define HAVE_STRINGS_H 1
| #define HAVE_INTTYPES_H 1
| #define HAVE_STDINT_H 1
| #define HAVE_UNISTD_H 1
| #define HAVE_DLFCN_H 1
| #define LT_OBJDIR ".libs/"
| #define HAVE_ZLIB_H 1
| #define HAVE_LIBZ 1
| #define HAVE_LZMA_H 1
| #define HAVE_LIBLZMA 1
| #define HAVE_DIRENT_H 1
| #define STDC_HEADERS 1
| #define HAVE_FCNTL_H 1
| #define HAVE_UNISTD_H 1
| #define HAVE_CTYPE_H 1
| #define HAVE_DIRENT_H 1
| #define HAVE_ERRNO_H 1
| #define HAVE_MALLOC_H 1
| #define HAVE_STDARG_H 1
| #define HAVE_SYS_STAT_H 1
| #define HAVE_SYS_TYPES_H 1
| #define HAVE_STDINT_H 1
| #define HAVE_INTTYPES_H 1
| #define HAVE_TIME_H 1
| #define HAVE_ANSIDECL_H 1
| #define HAVE_MATH_H 1
| #define HAVE_LIMITS_H 1
| #define HAVE_FLOAT_H 1
| #define HAVE_STDLIB_H 1
| #define HAVE_SYS_SOCKET_H 1
| #define HAVE_NETINET_IN_H 1
| #define HAVE_ARPA_INET_H 1
| #define HAVE_NETDB_H 1
| #define HAVE_SYS_TIME_H 1
| #define HAVE_SYS_SELECT_H 1
| #define HAVE_POLL_H 1
| #define HAVE_SYS_MMAN_H 1
| #define HAVE_SYS_TIMEB_H 1
| #define HAVE_SIGNAL_H 1
| #define HAVE_ARPA_NAMESER_H 1
| #define HAVE_RESOLV_H 1
| #define HAVE_DLFCN_H 1
| #define HAVE_STRFTIME 1
| #define HAVE_STRDUP 1
| #define HAVE_STRNDUP 1
| #define HAVE_STRERROR 1
| #define HAVE_FINITE 1
| /* end confdefs.h.  */
| /* Define fpclass to an innocuous variant, in case <limits.h> declares fpclass.
|    For example, HP-UX 11i <limits.h> declares gettimeofday.  */
| #define fpclass innocuous_fpclass
| 
| /* System header to define __stub macros and hopefully few prototypes,
|     which can conflict with char fpclass (); below.
|     Prefer <limits.h> to <assert.h> if __STDC__ is defined, since
|     <limits.h> exists even on freestanding compilers.  */
| 
| #ifdef __STDC__
| # include <limits.h>
| #else
| # include <assert.h>
| #endif
| 
| #undef fpclass
| 
| /* Override any GCC internal prototype to avoid an error.
|    Use char because int might match the return type of a GCC
|    builtin and then its argument prototype would still apply.  */
| #ifdef __cplusplus
| extern "C"
| #endif
| char fpclass ();
| /* The GNU C library defines this for functions which it implements
|     to always fail with ENOSYS.  Some functions are actually named
|     something starting with __ and the normal name is an alias.  */
| #if defined __stub_fpclass || defined __stub___fpclass
| choke me
| #endif
| 
| int
| main ()
| {
| return fpclass ();
|   ;
|   return 0;
| }
configure:13478: result: no
configure:13490: checking for strftime
configure:13490: result: yes
configure:13490: checking for localtime
configure:13490: gcc -o conftest -g -ggdb -fsanitize=address   conftest.c  >&5
configure:13490: $? = 0
configure:13490: result: yes
configure:13490: checking for gettimeofday
configure:13490: gcc -o conftest -g -ggdb -fsanitize=address   conftest.c  >&5
configure:13490: $? = 0
configure:13490: result: yes
configure:13490: checking for ftime
configure:13490: gcc -o conftest -g -ggdb -fsanitize=address   conftest.c  >&5
configure:13490: $? = 0
configure:13490: result: yes
configure:13502: checking for stat
configure:13502: gcc -o conftest -g -ggdb -fsanitize=address   conftest.c  >&5
configure:13502: $? = 0
configure:13502: result: yes
configure:13502: checking for _stat
configure:13502: gcc -o conftest -g -ggdb -fsanitize=address   conftest.c  >&5
/tmp/ccob7uXD.o: In function `main':
/playpen1/cve_fuzz_ml/crash_search/to_submit/data/libxml2-2.8.0/conftest.c:103: undefined reference to `_stat'
collect2: error: ld returned 1 exit status
configure:13502: $? = 1
configure: failed program was:
| /* confdefs.h */
| #define PACKAGE_NAME ""
| #define PACKAGE_TARNAME ""
| #define PACKAGE_VERSION ""
| #define PACKAGE_STRING ""
| #define PACKAGE_BUGREPORT ""
| #define PACKAGE_URL ""
| #define PACKAGE "libxml2"
| #define VERSION "2.8.0"
| #define STDC_HEADERS 1
| #define HAVE_SYS_TYPES_H 1
| #define HAVE_SYS_STAT_H 1
| #define HAVE_STDLIB_H 1
| #define HAVE_STRING_H 1
| #define HAVE_MEMORY_H 1
| #define HAVE_STRINGS_H 1
| #define HAVE_INTTYPES_H 1
| #define HAVE_STDINT_H 1
| #define HAVE_UNISTD_H 1
| #define HAVE_DLFCN_H 1
| #define LT_OBJDIR ".libs/"
| #define HAVE_ZLIB_H 1
| #define HAVE_LIBZ 1
| #define HAVE_LZMA_H 1
| #define HAVE_LIBLZMA 1
| #define HAVE_DIRENT_H 1
| #define STDC_HEADERS 1
| #define HAVE_FCNTL_H 1
| #define HAVE_UNISTD_H 1
| #define HAVE_CTYPE_H 1
| #define HAVE_DIRENT_H 1
| #define HAVE_ERRNO_H 1
| #define HAVE_MALLOC_H 1
| #define HAVE_STDARG_H 1
| #define HAVE_SYS_STAT_H 1
| #define HAVE_SYS_TYPES_H 1
| #define HAVE_STDINT_H 1
| #define HAVE_INTTYPES_H 1
| #define HAVE_TIME_H 1
| #define HAVE_ANSIDECL_H 1
| #define HAVE_MATH_H 1
| #define HAVE_LIMITS_H 1
| #define HAVE_FLOAT_H 1
| #define HAVE_STDLIB_H 1
| #define HAVE_SYS_SOCKET_H 1
| #define HAVE_NETINET_IN_H 1
| #define HAVE_ARPA_INET_H 1
| #define HAVE_NETDB_H 1
| #define HAVE_SYS_TIME_H 1
| #define HAVE_SYS_SELECT_H 1
| #define HAVE_POLL_H 1
| #define HAVE_SYS_MMAN_H 1
| #define HAVE_SYS_TIMEB_H 1
| #define HAVE_SIGNAL_H 1
| #define HAVE_ARPA_NAMESER_H 1
| #define HAVE_RESOLV_H 1
| #define HAVE_DLFCN_H 1
| #define HAVE_STRFTIME 1
| #define HAVE_STRDUP 1
| #define HAVE_STRNDUP 1
| #define HAVE_STRERROR 1
| #define HAVE_FINITE 1
| #define HAVE_STRFTIME 1
| #define HAVE_LOCALTIME 1
| #define HAVE_GETTIMEOFDAY 1
| #define HAVE_FTIME 1
| #define HAVE_STAT 1
| /* end confdefs.h.  */
| /* Define _stat to an innocuous variant, in case <limits.h> declares _stat.
|    For example, HP-UX 11i <limits.h> declares gettimeofday.  */
| #define _stat innocuous__stat
| 
| /* System header to define __stub macros and hopefully few prototypes,
|     which can conflict with char _stat (); below.
|     Prefer <limits.h> to <assert.h> if __STDC__ is defined, since
|     <limits.h> exists even on freestanding compilers.  */
| 
| #ifdef __STDC__
| # include <limits.h>
| #else
| # include <assert.h>
| #endif
| 
| #undef _stat
| 
| /* Override any GCC internal prototype to avoid an error.
|    Use char because int might match the return type of a GCC
|    builtin and then its argument prototype would still apply.  */
| #ifdef __cplusplus
| extern "C"
| #endif
| char _stat ();
| /* The GNU C library defines this for functions which it implements
|     to always fail with ENOSYS.  Some functions are actually named
|     something starting with __ and the normal name is an alias.  */
| #if defined __stub__stat || defined __stub____stat
| choke me
| #endif
| 
| int
| main ()
| {
| return _stat ();
|   ;
|   return 0;
| }
configure:13502: result: no
configure:13502: checking for signal
configure:13502: gcc -o conftest -g -ggdb -fsanitize=address   conftest.c  >&5
configure:13502: $? = 0
configure:13502: result: yes
configure:13514: checking for rand
configure:13514: gcc -o conftest -g -ggdb -fsanitize=address   conftest.c  >&5
configure:13514: $? = 0
configure:13514: result: yes
configure:13514: checking for rand_r
configure:13514: gcc -o conftest -g -ggdb -fsanitize=address   conftest.c  >&5
configure:13514: $? = 0
configure:13514: result: yes
configure:13514: checking for srand
configure:13514: gcc -o conftest -g -ggdb -fsanitize=address   conftest.c  >&5
configure:13514: $? = 0
configure:13514: result: yes
configure:13514: checking for time
configure:13514: gcc -o conftest -g -ggdb -fsanitize=address   conftest.c  >&5
configure:13514: $? = 0
configure:13514: result: yes
configure:13524: checking for va_copy
configure:13538: gcc -o conftest -g -ggdb -fsanitize=address   conftest.c  >&5
configure:13538: $? = 0
configure:13545: result: yes
configure:13582: checking for library containing gethostent
configure:13613: gcc -o conftest -g -ggdb -fsanitize=address   conftest.c  >&5
configure:13613: $? = 0
configure:13630: result: none required
configure:13638: checking for library containing setsockopt
configure:13669: gcc -o conftest -g -ggdb -fsanitize=address   conftest.c  >&5
configure:13669: $? = 0
configure:13686: result: none required
configure:13694: checking for library containing connect
configure:13725: gcc -o conftest -g -ggdb -fsanitize=address   conftest.c  >&5
configure:13725: $? = 0
configure:13742: result: none required
configure:13751: checking for type of socket length (socklen_t)
configure:13765: gcc -c -g -ggdb -fsanitize=address  conftest.c >&5
configure:13768: result: socklen_t *
configure:13838: checking whether to enable IPv6
configure:13870: gcc -c -g -ggdb -fsanitize=address  conftest.c >&5
configure:13870: $? = 0
configure:13877: result: yes
configure:13886: checking struct sockaddr::ss_family
configure:13905: gcc -c -g -ggdb -fsanitize=address  conftest.c >&5
configure:13905: $? = 0
configure:13912: result: yes
configure:13957: checking for getaddrinfo
configure:13957: gcc -o conftest -g -ggdb -fsanitize=address   conftest.c  >&5
configure:13957: $? = 0
configure:13957: result: yes
configure:14018: checking for isnan
configure:14018: gcc -o conftest -g -ggdb -fsanitize=address   conftest.c  >&5
conftest.c:101:6: warning: conflicting types for built-in function 'isnan' [-Wbuiltin-declaration-mismatch]
 char isnan ();
      ^~~~~
configure:14018: $? = 0
configure:14018: result: yes
configure:14069: checking for isinf
configure:14069: gcc -o conftest -g -ggdb -fsanitize=address   conftest.c  >&5
conftest.c:102:6: warning: conflicting types for built-in function 'isinf' [-Wbuiltin-declaration-mismatch]
 char isinf ();
      ^~~~~
configure:14069: $? = 0
configure:14069: result: yes
configure:14211: checking for python
configure:14229: found /usr/bin/python
configure:14241: result: /usr/bin/python
configure:14379: checking for shl_load
configure:14379: gcc -o conftest -g -ggdb -fsanitize=address -pedantic -W -Wformat -Wunused -Wimplicit -Wreturn-type -Wswitch -Wcomment -Wtrigraphs -Wformat -Wchar-subscripts -Wuninitialized -Wparentheses -Wshadow -Wpointer-arith -Wcast-align -Wwrite-strings -Waggregate-return -Wstrict-prototypes -Wmissing-prototypes -Wnested-externs -Winline -Wredundant-decls -Wno-long-long   conftest.c  >&5
conftest.c:103:1: warning: function declaration isn't a prototype [-Wstrict-prototypes]
 char shl_load ();
 ^~~~
conftest.c:112:1: warning: function declaration isn't a prototype [-Wstrict-prototypes]
 main ()
 ^~~~
/tmp/ccLvrw6a.o: In function `main':
/playpen1/cve_fuzz_ml/crash_search/to_submit/data/libxml2-2.8.0/conftest.c:114: undefined reference to `shl_load'
collect2: error: ld returned 1 exit status
configure:14379: $? = 1
configure: failed program was:
| /* confdefs.h */
| #define PACKAGE_NAME ""
| #define PACKAGE_TARNAME ""
| #define PACKAGE_VERSION ""
| #define PACKAGE_STRING ""
| #define PACKAGE_BUGREPORT ""
| #define PACKAGE_URL ""
| #define PACKAGE "libxml2"
| #define VERSION "2.8.0"
| #define STDC_HEADERS 1
| #define HAVE_SYS_TYPES_H 1
| #define HAVE_SYS_STAT_H 1
| #define HAVE_STDLIB_H 1
| #define HAVE_STRING_H 1
| #define HAVE_MEMORY_H 1
| #define HAVE_STRINGS_H 1
| #define HAVE_INTTYPES_H 1
| #define HAVE_STDINT_H 1
| #define HAVE_UNISTD_H 1
| #define HAVE_DLFCN_H 1
| #define LT_OBJDIR ".libs/"
| #define HAVE_ZLIB_H 1
| #define HAVE_LIBZ 1
| #define HAVE_LZMA_H 1
| #define HAVE_LIBLZMA 1
| #define HAVE_DIRENT_H 1
| #define STDC_HEADERS 1
| #define HAVE_FCNTL_H 1
| #define HAVE_UNISTD_H 1
| #define HAVE_CTYPE_H 1
| #define HAVE_DIRENT_H 1
| #define HAVE_ERRNO_H 1
| #define HAVE_MALLOC_H 1
| #define HAVE_STDARG_H 1
| #define HAVE_SYS_STAT_H 1
| #define HAVE_SYS_TYPES_H 1
| #define HAVE_STDINT_H 1
| #define HAVE_INTTYPES_H 1
| #define HAVE_TIME_H 1
| #define HAVE_ANSIDECL_H 1
| #define HAVE_MATH_H 1
| #define HAVE_LIMITS_H 1
| #define HAVE_FLOAT_H 1
| #define HAVE_STDLIB_H 1
| #define HAVE_SYS_SOCKET_H 1
| #define HAVE_NETINET_IN_H 1
| #define HAVE_ARPA_INET_H 1
| #define HAVE_NETDB_H 1
| #define HAVE_SYS_TIME_H 1
| #define HAVE_SYS_SELECT_H 1
| #define HAVE_POLL_H 1
| #define HAVE_SYS_MMAN_H 1
| #define HAVE_SYS_TIMEB_H 1
| #define HAVE_SIGNAL_H 1
| #define HAVE_ARPA_NAMESER_H 1
| #define HAVE_RESOLV_H 1
| #define HAVE_DLFCN_H 1
| #define HAVE_STRFTIME 1
| #define HAVE_STRDUP 1
| #define HAVE_STRNDUP 1
| #define HAVE_STRERROR 1
| #define HAVE_FINITE 1
| #define HAVE_STRFTIME 1
| #define HAVE_LOCALTIME 1
| #define HAVE_GETTIMEOFDAY 1
| #define HAVE_FTIME 1
| #define HAVE_STAT 1
| #define HAVE_SIGNAL 1
| #define HAVE_RAND 1
| #define HAVE_RAND_R 1
| #define HAVE_SRAND 1
| #define HAVE_TIME 1
| #define HAVE_VA_COPY 1
| #define XML_SOCKLEN_T socklen_t
| #define SUPPORT_IP6 /**/
| #define HAVE_GETADDRINFO /**/
| #define HAVE_ISNAN /**/
| #define HAVE_ISINF /**/
| /* end confdefs.h.  */
| /* Define shl_load to an innocuous variant, in case <limits.h> declares shl_load.
|    For example, HP-UX 11i <limits.h> declares gettimeofday.  */
| #define shl_load innocuous_shl_load
| 
| /* System header to define __stub macros and hopefully few prototypes,
|     which can conflict with char shl_load (); below.
|     Prefer <limits.h> to <assert.h> if __STDC__ is defined, since
|     <limits.h> exists even on freestanding compilers.  */
| 
| #ifdef __STDC__
| # include <limits.h>
| #else
| # include <assert.h>
| #endif
| 
| #undef shl_load
| 
| /* Override any GCC internal prototype to avoid an error.
|    Use char because int might match the return type of a GCC
|    builtin and then its argument prototype would still apply.  */
| #ifdef __cplusplus
| extern "C"
| #endif
| char shl_load ();
| /* The GNU C library defines this for functions which it implements
|     to always fail with ENOSYS.  Some functions are actually named
|     something starting with __ and the normal name is an alias.  */
| #if defined __stub_shl_load || defined __stub___shl_load
| choke me
| #endif
| 
| int
| main ()
| {
| return shl_load ();
|   ;
|   return 0;
| }
configure:14379: result: no
configure:14384: checking for shl_load in -ldld
configure:14409: gcc -o conftest -g -ggdb -fsanitize=address -pedantic -W -Wformat -Wunused -Wimplicit -Wreturn-type -Wswitch -Wcomment -Wtrigraphs -Wformat -Wchar-subscripts -Wuninitialized -Wparentheses -Wshadow -Wpointer-arith -Wcast-align -Wwrite-strings -Waggregate-return -Wstrict-prototypes -Wmissing-prototypes -Wnested-externs -Winline -Wredundant-decls -Wno-long-long   conftest.c -ldld   >&5
conftest.c:87:1: warning: function declaration isn't a prototype [-Wstrict-prototypes]
 char shl_load ();
 ^~~~
conftest.c:89:1: warning: function declaration isn't a prototype [-Wstrict-prototypes]
 main ()
 ^~~~
/usr/bin/ld: cannot find -ldld
collect2: error: ld returned 1 exit status
configure:14409: $? = 1
configure: failed program was:
| /* confdefs.h */
| #define PACKAGE_NAME ""
| #define PACKAGE_TARNAME ""
| #define PACKAGE_VERSION ""
| #define PACKAGE_STRING ""
| #define PACKAGE_BUGREPORT ""
| #define PACKAGE_URL ""
| #define PACKAGE "libxml2"
| #define VERSION "2.8.0"
| #define STDC_HEADERS 1
| #define HAVE_SYS_TYPES_H 1
| #define HAVE_SYS_STAT_H 1
| #define HAVE_STDLIB_H 1
| #define HAVE_STRING_H 1
| #define HAVE_MEMORY_H 1
| #define HAVE_STRINGS_H 1
| #define HAVE_INTTYPES_H 1
| #define HAVE_STDINT_H 1
| #define HAVE_UNISTD_H 1
| #define HAVE_DLFCN_H 1
| #define LT_OBJDIR ".libs/"
| #define HAVE_ZLIB_H 1
| #define HAVE_LIBZ 1
| #define HAVE_LZMA_H 1
| #define HAVE_LIBLZMA 1
| #define HAVE_DIRENT_H 1
| #define STDC_HEADERS 1
| #define HAVE_FCNTL_H 1
| #define HAVE_UNISTD_H 1
| #define HAVE_CTYPE_H 1
| #define HAVE_DIRENT_H 1
| #define HAVE_ERRNO_H 1
| #define HAVE_MALLOC_H 1
| #define HAVE_STDARG_H 1
| #define HAVE_SYS_STAT_H 1
| #define HAVE_SYS_TYPES_H 1
| #define HAVE_STDINT_H 1
| #define HAVE_INTTYPES_H 1
| #define HAVE_TIME_H 1
| #define HAVE_ANSIDECL_H 1
| #define HAVE_MATH_H 1
| #define HAVE_LIMITS_H 1
| #define HAVE_FLOAT_H 1
| #define HAVE_STDLIB_H 1
| #define HAVE_SYS_SOCKET_H 1
| #define HAVE_NETINET_IN_H 1
| #define HAVE_ARPA_INET_H 1
| #define HAVE_NETDB_H 1
| #define HAVE_SYS_TIME_H 1
| #define HAVE_SYS_SELECT_H 1
| #define HAVE_POLL_H 1
| #define HAVE_SYS_MMAN_H 1
| #define HAVE_SYS_TIMEB_H 1
| #define HAVE_SIGNAL_H 1
| #define HAVE_ARPA_NAMESER_H 1
| #define HAVE_RESOLV_H 1
| #define HAVE_DLFCN_H 1
| #define HAVE_STRFTIME 1
| #define HAVE_STRDUP 1
| #define HAVE_STRNDUP 1
| #define HAVE_STRERROR 1
| #define HAVE_FINITE 1
| #define HAVE_STRFTIME 1
| #define HAVE_LOCALTIME 1
| #define HAVE_GETTIMEOFDAY 1
| #define HAVE_FTIME 1
| #define HAVE_STAT 1
| #define HAVE_SIGNAL 1
| #define HAVE_RAND 1
| #define HAVE_RAND_R 1
| #define HAVE_SRAND 1
| #define HAVE_TIME 1
| #define HAVE_VA_COPY 1
| #define XML_SOCKLEN_T socklen_t
| #define SUPPORT_IP6 /**/
| #define HAVE_GETADDRINFO /**/
| #define HAVE_ISNAN /**/
| #define HAVE_ISINF /**/
| /* end confdefs.h.  */
| 
| /* Override any GCC internal prototype to avoid an error.
|    Use char because int might match the return type of a GCC
|    builtin and then its argument prototype would still apply.  */
| #ifdef __cplusplus
| extern "C"
| #endif
| char shl_load ();
| int
| main ()
| {
| return shl_load ();
|   ;
|   return 0;
| }
configure:14418: result: no
configure:14426: checking for dlopen
configure:14426: gcc -o conftest -g -ggdb -fsanitize=address -pedantic -W -Wformat -Wunused -Wimplicit -Wreturn-type -Wswitch -Wcomment -Wtrigraphs -Wformat -Wchar-subscripts -Wuninitialized -Wparentheses -Wshadow -Wpointer-arith -Wcast-align -Wwrite-strings -Waggregate-return -Wstrict-prototypes -Wmissing-prototypes -Wnested-externs -Winline -Wredundant-decls -Wno-long-long   conftest.c  >&5
conftest.c:103:1: warning: function declaration isn't a prototype [-Wstrict-prototypes]
 char dlopen ();
 ^~~~
conftest.c:112:1: warning: function declaration isn't a prototype [-Wstrict-prototypes]
 main ()
 ^~~~
configure:14426: $? = 0
configure:14426: result: yes
configure:14583: checking pthread.h usability
configure:14583: gcc -c -g -ggdb -fsanitize=address -pedantic -W -Wformat -Wunused -Wimplicit -Wreturn-type -Wswitch -Wcomment -Wtrigraphs -Wformat -Wchar-subscripts -Wuninitialized -Wparentheses -Wshadow -Wpointer-arith -Wcast-align -Wwrite-strings -Waggregate-return -Wstrict-prototypes -Wmissing-prototypes -Wnested-externs -Winline -Wredundant-decls -Wno-long-long  conftest.c >&5
configure:14583: $? = 0
configure:14583: result: yes
configure:14583: checking pthread.h presence
configure:14583: gcc -E  conftest.c
configure:14583: $? = 0
configure:14583: result: yes
configure:14583: checking for pthread.h
configure:14583: result: yes
configure:14585: checking for pthread_join in -lpthread
configure:14610: gcc -o conftest -g -ggdb -fsanitize=address -pedantic -W -Wformat -Wunused -Wimplicit -Wreturn-type -Wswitch -Wcomment -Wtrigraphs -Wformat -Wchar-subscripts -Wuninitialized -Wparentheses -Wshadow -Wpointer-arith -Wcast-align -Wwrite-strings -Waggregate-return -Wstrict-prototypes -Wmissing-prototypes -Wnested-externs -Winline -Wredundant-decls -Wno-long-long   conftest.c -lpthread   >&5
conftest.c:88:1: warning: function declaration isn't a prototype [-Wstrict-prototypes]
 char pthread_join ();
 ^~~~
conftest.c:90:1: warning: function declaration isn't a prototype [-Wstrict-prototypes]
 main ()
 ^~~~
configure:14610: $? = 0
configure:14619: result: yes
configure:15090: checking iconv.h usability
configure:15090: gcc -c -g -ggdb -fsanitize=address -pedantic -W -Wformat -Wunused -Wimplicit -Wreturn-type -Wswitch -Wcomment -Wtrigraphs -Wformat -Wchar-subscripts -Wuninitialized -Wparentheses -Wshadow -Wpointer-arith -Wcast-align -Wwrite-strings -Waggregate-return -Wstrict-prototypes -Wmissing-prototypes -Wnested-externs -Winline -Wredundant-decls -Wno-long-long  conftest.c >&5
configure:15090: $? = 0
configure:15090: result: yes
configure:15090: checking iconv.h presence
configure:15090: gcc -E  conftest.c
configure:15090: $? = 0
configure:15090: result: yes
configure:15090: checking for iconv.h
configure:15090: result: yes
configure:15092: checking for iconv
configure:15108: gcc -o conftest -g -ggdb -fsanitize=address -pedantic -W -Wformat -Wunused -Wimplicit -Wreturn-type -Wswitch -Wcomment -Wtrigraphs -Wformat -Wchar-subscripts -Wuninitialized -Wparentheses -Wshadow -Wpointer-arith -Wcast-align -Wwrite-strings -Waggregate-return -Wstrict-prototypes -Wmissing-prototypes -Wnested-externs -Winline -Wredundant-decls -Wno-long-long   conftest.c  >&5
conftest.c:86:1: warning: function declaration isn't a prototype [-Wstrict-prototypes]
 main ()
 ^~~~
configure:15108: $? = 0
configure:15110: result: yes
configure:15164: checking for iconv declaration
configure:15192: gcc -c -g -ggdb -fsanitize=address -pedantic -W -Wformat -Wunused -Wimplicit -Wreturn-type -Wswitch -Wcomment -Wtrigraphs -Wformat -Wchar-subscripts -Wuninitialized -Wparentheses -Wshadow -Wpointer-arith -Wcast-align -Wwrite-strings -Waggregate-return -Wstrict-prototypes -Wmissing-prototypes -Wnested-externs -Winline -Wredundant-decls -Wno-long-long  conftest.c >&5
conftest.c:90:8: warning: redundant redeclaration of 'iconv' [-Wredundant-decls]
 size_t iconv (iconv_t cd, char * *inbuf, size_t *inbytesleft, char * *outbuf, size_t *outbytesleft);
        ^~~~~
In file included from conftest.c:84:0:
/usr/include/iconv.h:42:15: note: previous declaration of 'iconv' was here
 extern size_t iconv (iconv_t __cd, char **__restrict __inbuf,
               ^~~~~
conftest.c:96:1: warning: function declaration isn't a prototype [-Wstrict-prototypes]
 main ()
 ^~~~
configure:15192: $? = 0
configure:15203: result: 
	extern size_t iconv (iconv_t cd,  char * *inbuf, size_t *inbytesleft, char * *outbuf, size_t *outbytesleft);
configure:15364: checking for printf
configure:15364: gcc -o conftest -g -ggdb -fsanitize=address -pedantic -W -Wformat -Wunused -Wimplicit -Wreturn-type -Wswitch -Wcomment -Wtrigraphs -Wformat -Wchar-subscripts -Wuninitialized -Wparentheses -Wshadow -Wpointer-arith -Wcast-align -Wwrite-strings -Waggregate-return -Wstrict-prototypes -Wmissing-prototypes -Wnested-externs -Winline -Wredundant-decls -Wno-long-long   conftest.c  >&5
conftest.c:107:1: warning: function declaration isn't a prototype [-Wstrict-prototypes]
 char printf ();
 ^~~~
conftest.c:107:6: warning: conflicting types for built-in function 'printf' [-Wbuiltin-declaration-mismatch]
 char printf ();
      ^~~~~~
conftest.c:116:1: warning: function declaration isn't a prototype [-Wstrict-prototypes]
 main ()
 ^~~~
configure:15364: $? = 0
configure:15364: result: yes
configure:15364: checking for sprintf
configure:15364: gcc -o conftest -g -ggdb -fsanitize=address -pedantic -W -Wformat -Wunused -Wimplicit -Wreturn-type -Wswitch -Wcomment -Wtrigraphs -Wformat -Wchar-subscripts -Wuninitialized -Wparentheses -Wshadow -Wpointer-arith -Wcast-align -Wwrite-strings -Waggregate-return -Wstrict-prototypes -Wmissing-prototypes -Wnested-externs -Winline -Wredundant-decls -Wno-long-long   conftest.c  >&5
conftest.c:108:1: warning: function declaration isn't a prototype [-Wstrict-prototypes]
 char sprintf ();
 ^~~~
conftest.c:108:6: warning: conflicting types for built-in function 'sprintf' [-Wbuiltin-declaration-mismatch]
 char sprintf ();
      ^~~~~~~
conftest.c:117:1: warning: function declaration isn't a prototype [-Wstrict-prototypes]
 main ()
 ^~~~
configure:15364: $? = 0
configure:15364: result: yes
configure:15364: checking for fprintf
configure:15364: gcc -o conftest -g -ggdb -fsanitize=address -pedantic -W -Wformat -Wunused -Wimplicit -Wreturn-type -Wswitch -Wcomment -Wtrigraphs -Wformat -Wchar-subscripts -Wuninitialized -Wparentheses -Wshadow -Wpointer-arith -Wcast-align -Wwrite-strings -Waggregate-return -Wstrict-prototypes -Wmissing-prototypes -Wnested-externs -Winline -Wredundant-decls -Wno-long-long   conftest.c  >&5
conftest.c:109:1: warning: function declaration isn't a prototype [-Wstrict-prototypes]
 char fprintf ();
 ^~~~
conftest.c:109:6: warning: conflicting types for built-in function 'fprintf' [-Wbuiltin-declaration-mismatch]
 char fprintf ();
      ^~~~~~~
conftest.c:118:1: warning: function declaration isn't a prototype [-Wstrict-prototypes]
 main ()
 ^~~~
configure:15364: $? = 0
configure:15364: result: yes
configure:15364: checking for snprintf
configure:15364: gcc -o conftest -g -ggdb -fsanitize=address -pedantic -W -Wformat -Wunused -Wimplicit -Wreturn-type -Wswitch -Wcomment -Wtrigraphs -Wformat -Wchar-subscripts -Wuninitialized -Wparentheses -Wshadow -Wpointer-arith -Wcast-align -Wwrite-strings -Waggregate-return -Wstrict-prototypes -Wmissing-prototypes -Wnested-externs -Winline -Wredundant-decls -Wno-long-long   conftest.c  >&5
conftest.c:110:1: warning: function declaration isn't a prototype [-Wstrict-prototypes]
 char snprintf ();
 ^~~~
conftest.c:110:6: warning: conflicting types for built-in function 'snprintf' [-Wbuiltin-declaration-mismatch]
 char snprintf ();
      ^~~~~~~~
conftest.c:119:1: warning: function declaration isn't a prototype [-Wstrict-prototypes]
 main ()
 ^~~~
configure:15364: $? = 0
configure:15364: result: yes
configure:15364: checking for vfprintf
configure:15364: gcc -o conftest -g -ggdb -fsanitize=address -pedantic -W -Wformat -Wunused -Wimplicit -Wreturn-type -Wswitch -Wcomment -Wtrigraphs -Wformat -Wchar-subscripts -Wuninitialized -Wparentheses -Wshadow -Wpointer-arith -Wcast-align -Wwrite-strings -Waggregate-return -Wstrict-prototypes -Wmissing-prototypes -Wnested-externs -Winline -Wredundant-decls -Wno-long-long   conftest.c  >&5
conftest.c:111:1: warning: function declaration isn't a prototype [-Wstrict-prototypes]
 char vfprintf ();
 ^~~~
conftest.c:111:6: warning: conflicting types for built-in function 'vfprintf' [-Wbuiltin-declaration-mismatch]
 char vfprintf ();
      ^~~~~~~~
conftest.c:120:1: warning: function declaration isn't a prototype [-Wstrict-prototypes]
 main ()
 ^~~~
configure:15364: $? = 0
configure:15364: result: yes
configure:15364: checking for vsprintf
configure:15364: gcc -o conftest -g -ggdb -fsanitize=address -pedantic -W -Wformat -Wunused -Wimplicit -Wreturn-type -Wswitch -Wcomment -Wtrigraphs -Wformat -Wchar-subscripts -Wuninitialized -Wparentheses -Wshadow -Wpointer-arith -Wcast-align -Wwrite-strings -Waggregate-return -Wstrict-prototypes -Wmissing-prototypes -Wnested-externs -Winline -Wredundant-decls -Wno-long-long   conftest.c  >&5
conftest.c:112:1: warning: function declaration isn't a prototype [-Wstrict-prototypes]
 char vsprintf ();
 ^~~~
conftest.c:112:6: warning: conflicting types for built-in function 'vsprintf' [-Wbuiltin-declaration-mismatch]
 char vsprintf ();
      ^~~~~~~~
conftest.c:121:1: warning: function declaration isn't a prototype [-Wstrict-prototypes]
 main ()
 ^~~~
configure:15364: $? = 0
configure:15364: result: yes
configure:15364: checking for vsnprintf
configure:15364: gcc -o conftest -g -ggdb -fsanitize=address -pedantic -W -Wformat -Wunused -Wimplicit -Wreturn-type -Wswitch -Wcomment -Wtrigraphs -Wformat -Wchar-subscripts -Wuninitialized -Wparentheses -Wshadow -Wpointer-arith -Wcast-align -Wwrite-strings -Waggregate-return -Wstrict-prototypes -Wmissing-prototypes -Wnested-externs -Winline -Wredundant-decls -Wno-long-long   conftest.c  >&5
conftest.c:113:1: warning: function declaration isn't a prototype [-Wstrict-prototypes]
 char vsnprintf ();
 ^~~~
conftest.c:113:6: warning: conflicting types for built-in function 'vsnprintf' [-Wbuiltin-declaration-mismatch]
 char vsnprintf ();
      ^~~~~~~~~
conftest.c:122:1: warning: function declaration isn't a prototype [-Wstrict-prototypes]
 main ()
 ^~~~
configure:15364: $? = 0
configure:15364: result: yes
configure:15364: checking for sscanf
configure:15364: gcc -o conftest -g -ggdb -fsanitize=address -pedantic -W -Wformat -Wunused -Wimplicit -Wreturn-type -Wswitch -Wcomment -Wtrigraphs -Wformat -Wchar-subscripts -Wuninitialized -Wparentheses -Wshadow -Wpointer-arith -Wcast-align -Wwrite-strings -Waggregate-return -Wstrict-prototypes -Wmissing-prototypes -Wnested-externs -Winline -Wredundant-decls -Wno-long-long   conftest.c  >&5
conftest.c:114:1: warning: function declaration isn't a prototype [-Wstrict-prototypes]
 char sscanf ();
 ^~~~
conftest.c:114:6: warning: conflicting types for built-in function 'sscanf' [-Wbuiltin-declaration-mismatch]
 char sscanf ();
      ^~~~~~
conftest.c:123:1: warning: function declaration isn't a prototype [-Wstrict-prototypes]
 main ()
 ^~~~
configure:15364: $? = 0
configure:15364: result: yes
configure:15562: creating ./config.status

## ---------------- ##
## Cache variables. ##
## ---------------- ##

ac_cv_build=x86_64-unknown-linux-gnu
ac_cv_c_compiler_gnu=yes
ac_cv_env_CC_set=
ac_cv_env_CC_value=
ac_cv_env_CFLAGS_set=set
ac_cv_env_CFLAGS_value='-g -ggdb -fsanitize=address'
ac_cv_env_CPPFLAGS_set=
ac_cv_env_CPPFLAGS_value=
ac_cv_env_CPP_set=
ac_cv_env_CPP_value=
ac_cv_env_LDFLAGS_set=
ac_cv_env_LDFLAGS_value=
ac_cv_env_LIBS_set=
ac_cv_env_LIBS_value=
ac_cv_env_build_alias_set=
ac_cv_env_build_alias_value=
ac_cv_env_host_alias_set=
ac_cv_env_host_alias_value=
ac_cv_env_target_alias_set=
ac_cv_env_target_alias_value=
ac_cv_func__stat=no
ac_cv_func_class=no
ac_cv_func_dlopen=yes
ac_cv_func_finite=yes
ac_cv_func_fp_class=no
ac_cv_func_fpclass=no
ac_cv_func_fprintf=yes
ac_cv_func_ftime=yes
ac_cv_func_getaddrinfo=yes
ac_cv_func_gettimeofday=yes
ac_cv_func_isinf=yes
ac_cv_func_isnan=yes
ac_cv_func_isnand=no
ac_cv_func_localtime=yes
ac_cv_func_printf=yes
ac_cv_func_rand=yes
ac_cv_func_rand_r=yes
ac_cv_func_shl_load=no
ac_cv_func_signal=yes
ac_cv_func_snprintf=yes
ac_cv_func_sprintf=yes
ac_cv_func_srand=yes
ac_cv_func_sscanf=yes
ac_cv_func_stat=yes
ac_cv_func_strdup=yes
ac_cv_func_strerror=yes
ac_cv_func_strftime=yes
ac_cv_func_strndup=yes
ac_cv_func_time=yes
ac_cv_func_vfprintf=yes
ac_cv_func_vsnprintf=yes
ac_cv_func_vsprintf=yes
ac_cv_header_ansidecl_h=yes
ac_cv_header_arpa_inet_h=yes
ac_cv_header_arpa_nameser_h=yes
ac_cv_header_ctype_h=yes
ac_cv_header_dirent_dirent_h=yes
ac_cv_header_dirent_h=yes
ac_cv_header_dl_h=no
ac_cv_header_dlfcn_h=yes
ac_cv_header_errno_h=yes
ac_cv_header_fcntl_h=yes
ac_cv_header_float_h=yes
ac_cv_header_fp_class_h=no
ac_cv_header_iconv_h=yes
ac_cv_header_ieeefp_h=no
ac_cv_header_inttypes_h=yes
ac_cv_header_limits_h=yes
ac_cv_header_lzma_h=yes
ac_cv_header_malloc_h=yes
ac_cv_header_math_h=yes
ac_cv_header_memory_h=yes
ac_cv_header_nan_h=no
ac_cv_header_netdb_h=yes
ac_cv_header_netinet_in_h=yes
ac_cv_header_poll_h=yes
ac_cv_header_pthread_h=yes
ac_cv_header_resolv_h=yes
ac_cv_header_signal_h=yes
ac_cv_header_stdarg_h=yes
ac_cv_header_stdc=yes
ac_cv_header_stdint_h=yes
ac_cv_header_stdlib_h=yes
ac_cv_header_string_h=yes
ac_cv_header_strings_h=yes
ac_cv_header_sys_mman_h=yes
ac_cv_header_sys_select_h=yes
ac_cv_header_sys_socket_h=yes
ac_cv_header_sys_stat_h=yes
ac_cv_header_sys_time_h=yes
ac_cv_header_sys_timeb_h=yes
ac_cv_header_sys_types_h=yes
ac_cv_header_time_h=yes
ac_cv_header_unistd_h=yes
ac_cv_header_zlib_h=yes
ac_cv_host=x86_64-unknown-linux-gnu
ac_cv_lib_dld_shl_load=no
ac_cv_lib_lzma_lzma_code=yes
ac_cv_lib_pthread_pthread_join=yes
ac_cv_lib_z_gzread=yes
ac_cv_objext=o
ac_cv_path_EGREP='/bin/grep -E'
ac_cv_path_FGREP='/bin/grep -F'
ac_cv_path_GREP=/bin/grep
ac_cv_path_MV=/usr/local/bin/mv
ac_cv_path_PERL=/usr/bin/perl
ac_cv_path_PYTHON=/usr/bin/python
ac_cv_path_RM=/usr/local/bin/rm
ac_cv_path_SED=/bin/sed
ac_cv_path_TAR=/bin/tar
ac_cv_path_WGET=/usr/bin/wget
ac_cv_path_XMLLINT=/usr/bin/xmllint
ac_cv_path_XSLTPROC=/usr/bin/xsltproc
ac_cv_path_install='/usr/local/bin/install -c'
ac_cv_path_mkdir=/usr/local/bin/mkdir
ac_cv_prog_AWK=gawk
ac_cv_prog_CPP='gcc -E'
ac_cv_prog_ac_ct_AR=ar
ac_cv_prog_ac_ct_CC=gcc
ac_cv_prog_ac_ct_DLLTOOL=dlltool
ac_cv_prog_ac_ct_MANIFEST_TOOL=mt
ac_cv_prog_ac_ct_OBJDUMP=objdump
ac_cv_prog_ac_ct_RANLIB=ranlib
ac_cv_prog_ac_ct_STRIP=strip
ac_cv_prog_cc_c89=
ac_cv_prog_cc_g=yes
ac_cv_prog_make_make_set=yes
ac_cv_search_connect='none required'
ac_cv_search_gethostent='none required'
ac_cv_search_opendir='none required'
ac_cv_search_setsockopt='none required'
am_cv_CC_dependencies_compiler_type=gcc3
lt_cv_ar_at_file=@
lt_cv_archive_cmds_need_lc=no
lt_cv_deplibs_check_method=pass_all
lt_cv_file_magic_cmd='$MAGIC_CMD'
lt_cv_file_magic_test_file=
lt_cv_ld_reload_flag=-r
lt_cv_nm_interface='BSD nm'
lt_cv_objdir=.libs
lt_cv_path_LD=/usr/bin/ld
lt_cv_path_NM='/usr/bin/nm -B'
lt_cv_path_mainfest_tool=no
lt_cv_prog_compiler_c_o=yes
lt_cv_prog_compiler_pic='-fPIC -DPIC'
lt_cv_prog_compiler_pic_works=yes
lt_cv_prog_compiler_rtti_exceptions=no
lt_cv_prog_compiler_static_works=no
lt_cv_prog_gnu_ld=yes
lt_cv_sharedlib_from_linklib_cmd='printf %s\n'
lt_cv_shlibpath_overrides_runpath=yes
lt_cv_sys_global_symbol_pipe='sed -n -e '\''s/^.*[	 ]\([ABCDGIRSTW][ABCDGIRSTW]*\)[	 ][	 ]*\([_A-Za-z][_A-Za-z0-9]*\)$/\1 \2 \2/p'\'' | sed '\''/ __gnu_lto/d'\'''
lt_cv_sys_global_symbol_to_c_name_address='sed -n -e '\''s/^: \([^ ]*\)[ ]*$/  {\"\1\", (void *) 0},/p'\'' -e '\''s/^[ABCDGIRSTW]* \([^ ]*\) \([^ ]*\)$/  {"\2", (void *) \&\2},/p'\'''
lt_cv_sys_global_symbol_to_c_name_address_lib_prefix='sed -n -e '\''s/^: \([^ ]*\)[ ]*$/  {\"\1\", (void *) 0},/p'\'' -e '\''s/^[ABCDGIRSTW]* \([^ ]*\) \(lib[^ ]*\)$/  {"\2", (void *) \&\2},/p'\'' -e '\''s/^[ABCDGIRSTW]* \([^ ]*\) \([^ ]*\)$/  {"lib\2", (void *) \&\2},/p'\'''
lt_cv_sys_global_symbol_to_cdecl='sed -n -e '\''s/^T .* \(.*\)$/extern int \1();/p'\'' -e '\''s/^[ABCDGIRSTW]* .* \(.*\)$/extern char \1;/p'\'''
lt_cv_sys_max_cmd_len=1572864
lt_cv_to_host_file_cmd=func_convert_file_noop
lt_cv_to_tool_file_cmd=func_convert_file_noop
xml_cv_iconv_arg2=
xml_cv_iconv_decl='extern size_t iconv (iconv_t cd,  char * *inbuf, size_t *inbytesleft, char * *outbuf, size_t *outbytesleft);'

## ----------------- ##
## Output variables. ##
## ----------------- ##

ACLOCAL='${SHELL} /playpen1/cve_fuzz_ml/crash_search/to_submit/data/libxml2-2.8.0/missing --run aclocal-1.11'
AMDEPBACKSLASH='\'
AMDEP_FALSE='#'
AMDEP_TRUE=''
AMTAR='${SHELL} /playpen1/cve_fuzz_ml/crash_search/to_submit/data/libxml2-2.8.0/missing --run tar'
AM_BACKSLASH='\'
AM_DEFAULT_VERBOSITY='0'
AR='ar'
AS='as'
AUTOCONF='${SHELL} /playpen1/cve_fuzz_ml/crash_search/to_submit/data/libxml2-2.8.0/missing --run autoconf'
AUTOHEADER='${SHELL} /playpen1/cve_fuzz_ml/crash_search/to_submit/data/libxml2-2.8.0/missing --run autoheader'
AUTOMAKE='${SHELL} /playpen1/cve_fuzz_ml/crash_search/to_submit/data/libxml2-2.8.0/missing --run automake-1.11'
AWK='gawk'
BASE_THREAD_LIBS='-lpthread'
C14N_OBJ='c14n.c'
CATALOG_OBJ='catalog.o'
CC='gcc'
CCDEPMODE='depmode=gcc3'
CFLAGS='-g -ggdb -fsanitize=address -pedantic -W -Wformat -Wunused -Wimplicit -Wreturn-type -Wswitch -Wcomment -Wtrigraphs -Wformat -Wchar-subscripts -Wuninitialized -Wparentheses -Wshadow -Wpointer-arith -Wcast-align -Wwrite-strings -Waggregate-return -Wstrict-prototypes -Wmissing-prototypes -Wnested-externs -Winline -Wredundant-decls -Wno-long-long'
CPP='gcc -E'
CPPFLAGS=''
CYGPATH_W='echo'
CYGWIN_EXTRA_LDFLAGS=''
CYGWIN_EXTRA_PYTHON_LIBADD=''
DEBUG_OBJ='debugXML.o'
DEFS='-DHAVE_CONFIG_H'
DEPDIR='.deps'
DLLTOOL='dlltool'
DOCB_OBJ='DOCBparser.o'
DSYMUTIL=''
DUMPBIN=''
ECHO_C=''
ECHO_N='-n'
ECHO_T=''
EGREP='/bin/grep -E'
EXEEXT=''
FGREP='/bin/grep -F'
FTP_OBJ='nanoftp.o'
GREP='/bin/grep'
HAVE_ISINF=''
HAVE_ISNAN=''
HTML_DIR='$(datadir)/doc/$(PACKAGE)-$(VERSION)/html'
HTML_OBJ='HTMLparser.o HTMLtree.o'
HTTP_OBJ='nanohttp.o'
ICONV_LIBS=''
INSTALL_DATA='${INSTALL} -m 644'
INSTALL_PROGRAM='${INSTALL}'
INSTALL_SCRIPT='${INSTALL}'
INSTALL_STRIP_PROGRAM='$(install_sh) -c -s'
LD='/usr/bin/ld -m elf_x86_64'
LDFLAGS=''
LIBOBJS=''
LIBS=''
LIBTOOL='$(SHELL) $(top_builddir)/libtool'
LIBXML_MAJOR_VERSION='2'
LIBXML_MICRO_VERSION='0'
LIBXML_MINOR_VERSION='8'
LIBXML_VERSION='2.8.0'
LIBXML_VERSION_EXTRA=''
LIBXML_VERSION_INFO='10:0:8'
LIBXML_VERSION_NUMBER='20800'
LIPO=''
LN_S='ln -s'
LTLIBOBJS=''
LZMA_CFLAGS=''
LZMA_LIBS='-llzma'
MAKEINFO='${SHELL} /playpen1/cve_fuzz_ml/crash_search/to_submit/data/libxml2-2.8.0/missing --run makeinfo'
MANIFEST_TOOL=':'
MKDIR_P='/usr/local/bin/mkdir -p'
MODULE_EXTENSION='.so'
MODULE_PLATFORM_LIBS=''
MV='/usr/local/bin/mv'
M_LIBS='-lm'
NM='/usr/bin/nm -B'
NMEDIT=''
OBJDUMP='objdump'
OBJEXT='o'
OTOOL64=''
OTOOL=''
PACKAGE='libxml2'
PACKAGE_BUGREPORT=''
PACKAGE_NAME=''
PACKAGE_STRING=''
PACKAGE_TARNAME=''
PACKAGE_URL=''
PACKAGE_VERSION=''
PATH_SEPARATOR=':'
PERL='/usr/bin/perl'
PYTHON='/usr/bin/python'
PYTHON_INCLUDES='/usr/include/python2.7'
PYTHON_LIBS='-L/usr/lib/python2.7/config-x86_64-linux-gnu -L/usr/lib -lpython2.7 -lpthread -ldl  -lutil -lm  -Xlinker -export-dynamic -Wl,-O1 -Wl,-Bsymbolic-functions'
PYTHON_SITE_PACKAGES='/usr/lib/python2.7/dist-packages'
PYTHON_SUBDIR='python'
PYTHON_TESTS=' RelaxNGPythonTests SchemasPythonTests'
PYTHON_VERSION='2.7'
RANLIB='ranlib'
RDL_LIBS=''
READER_TEST='Readertests'
REBUILD_DOCS_FALSE=''
REBUILD_DOCS_TRUE='#'
RELDATE='Sun Dec  4 2022'
RM='/usr/local/bin/rm'
SED='/bin/sed'
SET_MAKE=''
SHELL='/bin/bash'
STATIC_BINARIES=''
STRIP='strip'
TAR='/bin/tar'
TEST_C14N='C14Ntests'
TEST_CATALOG='Catatests'
TEST_DEBUG='Scripttests'
TEST_HTML='HTMLtests'
TEST_MODULES='ModuleTests'
TEST_PATTERN='Patterntests'
TEST_PHTML='HTMLPushtests'
TEST_PUSH='XMLPushtests'
TEST_REGEXPS='Regexptests Automatatests'
TEST_SAX='SAXtests'
TEST_SCHEMAS='Schemastests Relaxtests'
TEST_SCHEMATRON='Schematrontests'
TEST_THREADS='Threadtests'
TEST_VALID='Validtests'
TEST_VTIME='VTimingtests'
TEST_XINCLUDE='XIncludetests'
TEST_XPATH='XPathtests'
TEST_XPTR='XPtrtests'
THREADS_W32=''
THREAD_CFLAGS=' -D_REENTRANT'
THREAD_LIBS=''
USE_VERSION_SCRIPT_FALSE='#'
USE_VERSION_SCRIPT_TRUE=''
VERSION='2.8.0'
VERSION_SCRIPT_FLAGS='-Wl,--version-script='
WGET='/usr/bin/wget'
WIN32_EXTRA_LDFLAGS=''
WIN32_EXTRA_LIBADD=''
WIN32_EXTRA_PYTHON_LIBADD=''
WITH_C14N='1'
WITH_CATALOG='1'
WITH_DEBUG='1'
WITH_DOCB='1'
WITH_FTP='1'
WITH_HTML='1'
WITH_HTTP='1'
WITH_ICONV='1'
WITH_ICU='0'
WITH_ISO8859X='1'
WITH_LEGACY='1'
WITH_LZMA='1'
WITH_MEM_DEBUG='0'
WITH_MODULES='1'
WITH_OUTPUT='1'
WITH_PATTERN='1'
WITH_PUSH='1'
WITH_PYTHON_FALSE='#'
WITH_PYTHON_TRUE=''
WITH_READER='1'
WITH_REGEXPS='1'
WITH_RUN_DEBUG='0'
WITH_SAX1='1'
WITH_SCHEMAS='1'
WITH_SCHEMATRON='1'
WITH_THREADS='1'
WITH_TREE='1'
WITH_TRIO='0'
WITH_TRIO_SOURCES_FALSE=''
WITH_TRIO_SOURCES_TRUE='#'
WITH_VALID='1'
WITH_WRITER='1'
WITH_XINCLUDE='1'
WITH_XPATH='1'
WITH_XPTR='1'
WITH_ZLIB='1'
XINCLUDE_OBJ='xinclude.o'
XMLLINT='/usr/bin/xmllint'
XML_CFLAGS=''
XML_INCLUDEDIR='-I${includedir}/libxml2'
XML_LIBDIR='-L${libdir}'
XML_LIBS='-lxml2 -lz   -lm '
XML_LIBTOOLLIBS='libxml2.la'
XPATH_OBJ='xpath.o'
XPTR_OBJ='xpointer.o'
XSLTPROC='/usr/bin/xsltproc'
Z_CFLAGS=''
Z_LIBS='-lz'
ac_ct_AR='ar'
ac_ct_CC='gcc'
ac_ct_DUMPBIN=''
am__EXEEXT_FALSE=''
am__EXEEXT_TRUE='#'
am__fastdepCC_FALSE='#'
am__fastdepCC_TRUE=''
am__include='include'
am__isrc=''
am__leading_dot='.'
am__quote=''
am__tar='${AMTAR} chof - "$$tardir"'
am__untar='${AMTAR} xf -'
bindir='${exec_prefix}/bin'
build='x86_64-unknown-linux-gnu'
build_alias=''
build_cpu='x86_64'
build_os='linux-gnu'
build_vendor='unknown'
datadir='${datarootdir}'
datarootdir='${prefix}/share'
docdir='${datarootdir}/doc/${PACKAGE}'
dvidir='${docdir}'
exec_prefix='${prefix}'
host='x86_64-unknown-linux-gnu'
host_alias=''
host_cpu='x86_64'
host_os='linux-gnu'
host_vendor='unknown'
htmldir='${docdir}'
includedir='${prefix}/include'
infodir='${datarootdir}/info'
install_sh='${SHELL} /playpen1/cve_fuzz_ml/crash_search/to_submit/data/libxml2-2.8.0/install-sh'
libdir='${exec_prefix}/lib'
libexecdir='${exec_prefix}/libexec'
localedir='${datarootdir}/locale'
localstatedir='${prefix}/var'
mandir='${datarootdir}/man'
mkdir_p='/usr/local/bin/mkdir -p'
oldincludedir='/usr/include'
pdfdir='${docdir}'
prefix='/usr/local'
program_transform_name='s,x,x,'
psdir='${docdir}'
pythondir='$(libdir)/python$(PYTHON_VERSION)/site-packages'
runstatedir='${localstatedir}/run'
sbindir='${exec_prefix}/sbin'
sharedstatedir='${prefix}/com'
sysconfdir='${prefix}/etc'
target_alias=''

## ----------- ##
## confdefs.h. ##
## ----------- ##

/* confdefs.h */
#define PACKAGE_NAME ""
#define PACKAGE_TARNAME ""
#define PACKAGE_VERSION ""
#define PACKAGE_STRING ""
#define PACKAGE_BUGREPORT ""
#define PACKAGE_URL ""
#define PACKAGE "libxml2"
#define VERSION "2.8.0"
#define STDC_HEADERS 1
#define HAVE_SYS_TYPES_H 1
#define HAVE_SYS_STAT_H 1
#define HAVE_STDLIB_H 1
#define HAVE_STRING_H 1
#define HAVE_MEMORY_H 1
#define HAVE_STRINGS_H 1
#define HAVE_INTTYPES_H 1
#define HAVE_STDINT_H 1
#define HAVE_UNISTD_H 1
#define HAVE_DLFCN_H 1
#define LT_OBJDIR ".libs/"
#define HAVE_ZLIB_H 1
#define HAVE_LIBZ 1
#define HAVE_LZMA_H 1
#define HAVE_LIBLZMA 1
#define HAVE_DIRENT_H 1
#define STDC_HEADERS 1
#define HAVE_FCNTL_H 1
#define HAVE_UNISTD_H 1
#define HAVE_CTYPE_H 1
#define HAVE_DIRENT_H 1
#define HAVE_ERRNO_H 1
#define HAVE_MALLOC_H 1
#define HAVE_STDARG_H 1
#define HAVE_SYS_STAT_H 1
#define HAVE_SYS_TYPES_H 1
#define HAVE_STDINT_H 1
#define HAVE_INTTYPES_H 1
#define HAVE_TIME_H 1
#define HAVE_ANSIDECL_H 1
#define HAVE_MATH_H 1
#define HAVE_LIMITS_H 1
#define HAVE_FLOAT_H 1
#define HAVE_STDLIB_H 1
#define HAVE_SYS_SOCKET_H 1
#define HAVE_NETINET_IN_H 1
#define HAVE_ARPA_INET_H 1
#define HAVE_NETDB_H 1
#define HAVE_SYS_TIME_H 1
#define HAVE_SYS_SELECT_H 1
#define HAVE_POLL_H 1
#define HAVE_SYS_MMAN_H 1
#define HAVE_SYS_TIMEB_H 1
#define HAVE_SIGNAL_H 1
#define HAVE_ARPA_NAMESER_H 1
#define HAVE_RESOLV_H 1
#define HAVE_DLFCN_H 1
#define HAVE_STRFTIME 1
#define HAVE_STRDUP 1
#define HAVE_STRNDUP 1
#define HAVE_STRERROR 1
#define HAVE_FINITE 1
#define HAVE_STRFTIME 1
#define HAVE_LOCALTIME 1
#define HAVE_GETTIMEOFDAY 1
#define HAVE_FTIME 1
#define HAVE_STAT 1
#define HAVE_SIGNAL 1
#define HAVE_RAND 1
#define HAVE_RAND_R 1
#define HAVE_SRAND 1
#define HAVE_TIME 1
#define HAVE_VA_COPY 1
#define XML_SOCKLEN_T socklen_t
#define SUPPORT_IP6 /**/
#define HAVE_GETADDRINFO /**/
#define HAVE_ISNAN /**/
#define HAVE_ISINF /**/
#define HAVE_DLOPEN /**/
#define HAVE_LIBPTHREAD /**/
#define HAVE_PTHREAD_H /**/
#define ICONV_CONST 
#define HAVE_PRINTF 1
#define HAVE_SPRINTF 1
#define HAVE_FPRINTF 1
#define HAVE_SNPRINTF 1
#define HAVE_VFPRINTF 1
#define HAVE_VSPRINTF 1
#define HAVE_VSNPRINTF 1
#define HAVE_SSCANF 1

configure: exit 0

## ---------------------- ##
## Running config.status. ##
## ---------------------- ##

This file was extended by config.status, which was
generated by GNU Autoconf 2.69.  Invocation command line was

  CONFIG_FILES    = 
  CONFIG_HEADERS  = 
  CONFIG_LINKS    = 
  CONFIG_COMMANDS = 
  $ ./config.status 

on simarka.cs.unc.edu

config.status:1287: creating libxml2.spec
config.status:1287: creating Makefile
config.status:1287: creating include/Makefile
config.status:1287: creating include/libxml/Makefile
config.status:1287: creating doc/Makefile
config.status:1287: creating doc/examples/Makefile
config.status:1287: creating doc/devhelp/Makefile
config.status:1287: creating example/Makefile
config.status:1287: creating python/Makefile
config.status:1287: creating python/tests/Makefile
config.status:1287: creating xstc/Makefile
config.status:1287: creating include/libxml/xmlversion.h
config.status:1287: creating xml2-config
config.status:1287: creating libxml-2.0.pc
config.status:1287: creating libxml-2.0-uninstalled.pc
config.status:1287: creating python/setup.py
config.status:1287: creating config.h
config.status:1468: config.h is unchanged
config.status:1516: executing depfiles commands
config.status:1516: executing libtool commands
